<?xml version="1.0" encoding="UTF-8"?>
<coverage generated="1543649522220" clover="3.2.0">
  <project timestamp="1543649522221" name="All files">
    <metrics statements="331" coveredstatements="321" conditionals="137" coveredconditionals="123" methods="47" coveredmethods="42" elements="515" coveredelements="486" complexity="0" loc="331" ncloc="331" packages="5" files="16" classes="16">
      <package name="dist">
        <metrics statements="224" coveredstatements="218" conditionals="92" coveredconditionals="86" methods="24" coveredmethods="22"/>
        <file name="calculateTax.js" path="/Users/edsonasaga/tax-calculation/dist/calculateTax.js">
          <metrics statements="183" coveredstatements="183" conditionals="75" coveredconditionals="74" methods="18" coveredmethods="18"/>
          <line num="2" count="2" type="stmt"/>
          <line num="3" count="2" type="stmt"/>
          <line num="4" count="2" type="stmt"/>
          <line num="5" count="2" type="stmt"/>
          <line num="6" count="2" type="stmt"/>
          <line num="7" count="2" type="stmt"/>
          <line num="16" count="11" type="stmt"/>
          <line num="17" count="11" type="stmt"/>
          <line num="18" count="11" type="stmt"/>
          <line num="19" count="11" type="stmt"/>
          <line num="20" count="11" type="stmt"/>
          <line num="21" count="16" type="stmt"/>
          <line num="53" count="16" type="stmt"/>
          <line num="58" count="16" type="stmt"/>
          <line num="59" count="16" type="cond" truecount="1" falsecount="1"/>
          <line num="60" count="16" type="cond" truecount="2" falsecount="0"/>
          <line num="62" count="16" type="cond" truecount="2" falsecount="0"/>
          <line num="63" count="16" type="cond" truecount="2" falsecount="0"/>
          <line num="64" count="16" type="stmt"/>
          <line num="65" count="16" type="stmt"/>
          <line num="66" count="16" type="stmt"/>
          <line num="67" count="14" type="stmt"/>
          <line num="68" count="14" type="stmt"/>
          <line num="69" count="14" type="stmt"/>
          <line num="70" count="14" type="stmt"/>
          <line num="71" count="14" type="stmt"/>
          <line num="73" count="9" type="stmt"/>
          <line num="74" count="9" type="stmt"/>
          <line num="75" count="9" type="stmt"/>
          <line num="76" count="9" type="stmt"/>
          <line num="78" count="2" type="stmt"/>
          <line num="80" count="11" type="stmt"/>
          <line num="81" count="11" type="cond" truecount="2" falsecount="0"/>
          <line num="84" count="11" type="stmt"/>
          <line num="108" count="11" type="stmt"/>
          <line num="115" count="11" type="stmt"/>
          <line num="116" count="11" type="stmt"/>
          <line num="117" count="11" type="stmt"/>
          <line num="120" count="16" type="stmt"/>
          <line num="121" count="16" type="cond" truecount="2" falsecount="0"/>
          <line num="122" count="2" type="stmt"/>
          <line num="125" count="14" type="cond" truecount="2" falsecount="0"/>
          <line num="126" count="2" type="stmt"/>
          <line num="128" count="12" type="cond" truecount="2" falsecount="0"/>
          <line num="129" count="1" type="stmt"/>
          <line num="131" count="11" type="cond" truecount="2" falsecount="0"/>
          <line num="132" count="1" type="stmt"/>
          <line num="135" count="10" type="cond" truecount="2" falsecount="0"/>
          <line num="136" count="2" type="stmt"/>
          <line num="138" count="8" type="cond" truecount="4" falsecount="0"/>
          <line num="140" count="6" type="stmt"/>
          <line num="143" count="2" type="stmt"/>
          <line num="149" count="4" type="stmt"/>
          <line num="150" count="4" type="stmt"/>
          <line num="151" count="4" type="cond" truecount="2" falsecount="0"/>
          <line num="152" count="2" type="stmt"/>
          <line num="155" count="2" type="stmt"/>
          <line num="159" count="14" type="stmt"/>
          <line num="160" count="14" type="stmt"/>
          <line num="161" count="14" type="stmt"/>
          <line num="162" count="14" type="stmt"/>
          <line num="163" count="14" type="stmt"/>
          <line num="164" count="14" type="stmt"/>
          <line num="165" count="14" type="cond" truecount="4" falsecount="0"/>
          <line num="166" count="4" type="stmt"/>
          <line num="169" count="10" type="stmt"/>
          <line num="170" count="10" type="stmt"/>
          <line num="171" count="10" type="cond" truecount="4" falsecount="0"/>
          <line num="172" count="2" type="cond" truecount="2" falsecount="0"/>
          <line num="173" count="1" type="stmt"/>
          <line num="176" count="1" type="stmt"/>
          <line num="179" count="8" type="cond" truecount="4" falsecount="0"/>
          <line num="180" count="6" type="stmt"/>
          <line num="183" count="2" type="cond" truecount="2" falsecount="0"/>
          <line num="184" count="1" type="stmt"/>
          <line num="187" count="1" type="stmt"/>
          <line num="191" count="14" type="stmt"/>
          <line num="194" count="7" type="stmt"/>
          <line num="195" count="7" type="cond" truecount="2" falsecount="0"/>
          <line num="196" count="4" type="stmt"/>
          <line num="199" count="3" type="stmt"/>
          <line num="203" count="4" type="stmt"/>
          <line num="204" count="4" type="stmt"/>
          <line num="205" count="4" type="stmt"/>
          <line num="206" count="4" type="cond" truecount="2" falsecount="0"/>
          <line num="207" count="4" type="stmt"/>
          <line num="208" count="4" type="stmt"/>
          <line num="209" count="4" type="stmt"/>
          <line num="210" count="4" type="stmt"/>
          <line num="211" count="4" type="stmt"/>
          <line num="214" count="14" type="stmt"/>
          <line num="215" count="14" type="stmt"/>
          <line num="216" count="14" type="stmt"/>
          <line num="217" count="14" type="stmt"/>
          <line num="218" count="14" type="stmt"/>
          <line num="219" count="14" type="stmt"/>
          <line num="220" count="14" type="cond" truecount="4" falsecount="0"/>
          <line num="221" count="2" type="stmt"/>
          <line num="224" count="12" type="stmt"/>
          <line num="225" count="12" type="cond" truecount="2" falsecount="0"/>
          <line num="226" count="4" type="cond" truecount="2" falsecount="0"/>
          <line num="227" count="1" type="stmt"/>
          <line num="230" count="3" type="stmt"/>
          <line num="233" count="8" type="cond" truecount="2" falsecount="0"/>
          <line num="234" count="2" type="cond" truecount="2" falsecount="0"/>
          <line num="235" count="1" type="stmt"/>
          <line num="238" count="1" type="stmt"/>
          <line num="242" count="6" type="cond" truecount="2" falsecount="0"/>
          <line num="243" count="2" type="stmt"/>
          <line num="246" count="4" type="stmt"/>
          <line num="247" count="4" type="stmt"/>
          <line num="248" count="4" type="stmt"/>
          <line num="252" count="14" type="stmt"/>
          <line num="255" count="2" type="stmt"/>
          <line num="256" count="2" type="stmt"/>
          <line num="257" count="2" type="stmt"/>
          <line num="258" count="2" type="stmt"/>
          <line num="259" count="2" type="stmt"/>
          <line num="260" count="2" type="stmt"/>
          <line num="261" count="2" type="stmt"/>
          <line num="262" count="2" type="stmt"/>
          <line num="263" count="2" type="stmt"/>
          <line num="264" count="2" type="stmt"/>
          <line num="267" count="3" type="stmt"/>
          <line num="268" count="3" type="stmt"/>
          <line num="269" count="3" type="stmt"/>
          <line num="273" count="3" type="stmt"/>
          <line num="274" count="3" type="cond" truecount="4" falsecount="0"/>
          <line num="275" count="1" type="stmt"/>
          <line num="276" count="1" type="stmt"/>
          <line num="277" count="1" type="stmt"/>
          <line num="280" count="2" type="stmt"/>
          <line num="281" count="2" type="stmt"/>
          <line num="282" count="2" type="stmt"/>
          <line num="283" count="2" type="stmt"/>
          <line num="285" count="3" type="cond" truecount="2" falsecount="0"/>
          <line num="286" count="3" type="stmt"/>
          <line num="287" count="3" type="stmt"/>
          <line num="288" count="3" type="stmt"/>
          <line num="289" count="3" type="stmt"/>
          <line num="292" count="3" type="stmt"/>
          <line num="293" count="3" type="stmt"/>
          <line num="294" count="3" type="cond" truecount="2" falsecount="0"/>
          <line num="295" count="2" type="stmt"/>
          <line num="297" count="3" type="stmt"/>
          <line num="300" count="14" type="stmt"/>
          <line num="301" count="14" type="stmt"/>
          <line num="302" count="14" type="stmt"/>
          <line num="303" count="14" type="stmt"/>
          <line num="304" count="14" type="stmt"/>
          <line num="305" count="14" type="stmt"/>
          <line num="306" count="14" type="cond" truecount="5" falsecount="0"/>
          <line num="309" count="8" type="stmt"/>
          <line num="312" count="6" type="stmt"/>
          <line num="313" count="6" type="cond" truecount="2" falsecount="0"/>
          <line num="314" count="3" type="stmt"/>
          <line num="317" count="3" type="stmt"/>
          <line num="318" count="3" type="stmt"/>
          <line num="319" count="3" type="stmt"/>
          <line num="322" count="14" type="stmt"/>
          <line num="325" count="15" type="stmt"/>
          <line num="326" count="15" type="stmt"/>
          <line num="327" count="15" type="stmt"/>
          <line num="328" count="15" type="stmt"/>
          <line num="329" count="15" type="stmt"/>
          <line num="332" count="7" type="stmt"/>
          <line num="333" count="7" type="stmt"/>
          <line num="334" count="7" type="stmt"/>
          <line num="335" count="7" type="stmt"/>
          <line num="336" count="7" type="stmt"/>
          <line num="339" count="11" type="stmt"/>
          <line num="340" count="11" type="stmt"/>
          <line num="341" count="11" type="stmt"/>
          <line num="342" count="11" type="stmt"/>
          <line num="343" count="11" type="stmt"/>
          <line num="346" count="42" type="stmt"/>
          <line num="347" count="42" type="stmt"/>
          <line num="348" count="42" type="stmt"/>
          <line num="351" count="42" type="stmt"/>
          <line num="354" count="207" type="stmt"/>
          <line num="355" count="207" type="stmt"/>
          <line num="356" count="465" type="stmt"/>
          <line num="358" count="207" type="stmt"/>
        </file>
        <file name="getModelInstances.js" path="/Users/edsonasaga/tax-calculation/dist/getModelInstances.js">
          <metrics statements="21" coveredstatements="21" conditionals="7" coveredconditionals="6" methods="2" coveredmethods="2"/>
          <line num="2" count="2" type="cond" truecount="3" falsecount="0"/>
          <line num="3" count="10" type="cond" truecount="3" falsecount="1"/>
          <line num="5" count="2" type="stmt"/>
          <line num="6" count="2" type="stmt"/>
          <line num="7" count="2" type="stmt"/>
          <line num="8" count="2" type="stmt"/>
          <line num="9" count="2" type="stmt"/>
          <line num="10" count="2" type="stmt"/>
          <line num="11" count="2" type="stmt"/>
          <line num="12" count="2" type="stmt"/>
          <line num="14" count="2" type="stmt"/>
          <line num="30" count="2" type="stmt"/>
          <line num="31" count="2" type="stmt"/>
          <line num="32" count="2" type="stmt"/>
          <line num="33" count="2" type="stmt"/>
          <line num="34" count="2" type="stmt"/>
          <line num="35" count="2" type="stmt"/>
          <line num="36" count="2" type="stmt"/>
          <line num="37" count="2" type="stmt"/>
          <line num="38" count="2" type="stmt"/>
          <line num="40" count="2" type="stmt"/>
        </file>
        <file name="httpErrors.js" path="/Users/edsonasaga/tax-calculation/dist/httpErrors.js">
          <metrics statements="16" coveredstatements="10" conditionals="10" coveredconditionals="6" methods="4" coveredmethods="2"/>
          <line num="2" count="2" type="cond" truecount="3" falsecount="0"/>
          <line num="3" count="2" type="cond" truecount="3" falsecount="1"/>
          <line num="5" count="2" type="stmt"/>
          <line num="6" count="2" type="stmt"/>
          <line num="9" count="0" type="stmt"/>
          <line num="10" count="0" type="stmt"/>
          <line num="11" count="0" type="stmt"/>
          <line num="14" count="2" type="stmt"/>
          <line num="17" count="3" type="stmt"/>
          <line num="18" count="3" type="stmt"/>
          <line num="19" count="3" type="stmt"/>
          <line num="22" count="2" type="stmt"/>
          <line num="25" count="0" type="stmt"/>
          <line num="26" count="0" type="stmt"/>
          <line num="27" count="0" type="stmt"/>
          <line num="30" count="2" type="stmt"/>
        </file>
        <file name="taxTables.js" path="/Users/edsonasaga/tax-calculation/dist/taxTables.js">
          <metrics statements="4" coveredstatements="4" conditionals="0" coveredconditionals="0" methods="0" coveredmethods="0"/>
          <line num="2" count="2" type="stmt"/>
          <line num="3" count="2" type="stmt"/>
          <line num="31" count="2" type="stmt"/>
          <line num="38" count="2" type="stmt"/>
        </file>
      </package>
      <package name="dist.routes">
        <metrics statements="52" coveredstatements="51" conditionals="6" coveredconditionals="5" methods="8" coveredmethods="8"/>
        <file name="getErrorHandler.js" path="/Users/edsonasaga/tax-calculation/dist/routes/getErrorHandler.js">
          <metrics statements="10" coveredstatements="9" conditionals="2" coveredconditionals="1" methods="2" coveredmethods="2"/>
          <line num="2" count="2" type="stmt"/>
          <line num="3" count="2" type="stmt"/>
          <line num="5" count="2" type="stmt"/>
          <line num="6" count="2" type="stmt"/>
          <line num="7" count="2" type="stmt"/>
          <line num="8" count="2" type="stmt"/>
          <line num="9" count="2" type="cond" truecount="1" falsecount="1"/>
          <line num="10" count="0" type="stmt"/>
          <line num="12" count="2" type="stmt"/>
          <line num="16" count="2" type="stmt"/>
        </file>
        <file name="getLocationsRouter.js" path="/Users/edsonasaga/tax-calculation/dist/routes/getLocationsRouter.js">
          <metrics statements="9" coveredstatements="9" conditionals="0" coveredconditionals="0" methods="2" coveredmethods="2"/>
          <line num="2" count="1" type="stmt"/>
          <line num="3" count="1" type="stmt"/>
          <line num="5" count="1" type="stmt"/>
          <line num="6" count="1" type="stmt"/>
          <line num="7" count="1" type="stmt"/>
          <line num="8" count="1" type="stmt"/>
          <line num="9" count="1" type="stmt"/>
          <line num="11" count="1" type="stmt"/>
          <line num="13" count="1" type="stmt"/>
        </file>
        <file name="getTransactionsRouter.js" path="/Users/edsonasaga/tax-calculation/dist/routes/getTransactionsRouter.js">
          <metrics statements="33" coveredstatements="33" conditionals="4" coveredconditionals="4" methods="4" coveredmethods="4"/>
          <line num="2" count="1" type="stmt"/>
          <line num="3" count="1" type="stmt"/>
          <line num="4" count="1" type="stmt"/>
          <line num="5" count="1" type="stmt"/>
          <line num="7" count="1" type="stmt"/>
          <line num="9" count="30" type="stmt"/>
          <line num="10" count="30" type="stmt"/>
          <line num="11" count="30" type="stmt"/>
          <line num="12" count="34" type="stmt"/>
          <line num="15" count="1" type="stmt"/>
          <line num="16" count="3" type="stmt"/>
          <line num="17" count="3" type="cond" truecount="2" falsecount="0"/>
          <line num="18" count="1" type="stmt"/>
          <line num="21" count="2" type="stmt"/>
          <line num="22" count="2" type="stmt"/>
          <line num="23" count="2" type="stmt"/>
          <line num="24" count="1" type="stmt"/>
          <line num="25" count="1" type="stmt"/>
          <line num="26" count="1" type="stmt"/>
          <line num="29" count="1" type="stmt"/>
          <line num="33" count="1" type="stmt"/>
          <line num="34" count="2" type="stmt"/>
          <line num="35" count="2" type="cond" truecount="2" falsecount="0"/>
          <line num="36" count="1" type="stmt"/>
          <line num="38" count="2" type="stmt"/>
          <line num="39" count="2" type="stmt"/>
          <line num="40" count="2" type="stmt"/>
          <line num="41" count="28" type="stmt"/>
          <line num="52" count="28" type="stmt"/>
          <line num="53" count="28" type="stmt"/>
          <line num="55" count="2" type="stmt"/>
          <line num="57" count="1" type="stmt"/>
          <line num="59" count="1" type="stmt"/>
        </file>
      </package>
      <package name="dist.schemas">
        <metrics statements="40" coveredstatements="37" conditionals="39" coveredconditionals="32" methods="11" coveredmethods="8"/>
        <file name="addressUdt.js" path="/Users/edsonasaga/tax-calculation/dist/schemas/addressUdt.js">
          <metrics statements="2" coveredstatements="2" conditionals="0" coveredconditionals="0" methods="0" coveredmethods="0"/>
          <line num="2" count="2" type="stmt"/>
          <line num="3" count="2" type="stmt"/>
        </file>
        <file name="companySchema.js" path="/Users/edsonasaga/tax-calculation/dist/schemas/companySchema.js">
          <metrics statements="13" coveredstatements="12" conditionals="18" coveredconditionals="14" methods="3" coveredmethods="2"/>
          <line num="2" count="2" type="cond" truecount="3" falsecount="0"/>
          <line num="3" count="2" type="cond" truecount="3" falsecount="1"/>
          <line num="4" count="2" type="stmt"/>
          <line num="5" count="46" type="cond" truecount="2" falsecount="2"/>
          <line num="6" count="2" type="stmt"/>
          <line num="7" count="2" type="stmt"/>
          <line num="9" count="2" type="cond" truecount="3" falsecount="0"/>
          <line num="10" count="2" type="cond" truecount="3" falsecount="1"/>
          <line num="12" count="2" type="stmt"/>
          <line num="13" count="2" type="stmt"/>
          <line num="14" count="2" type="stmt"/>
          <line num="18" count="0" type="stmt"/>
          <line num="27" count="2" type="stmt"/>
        </file>
        <file name="itemSchema.js" path="/Users/edsonasaga/tax-calculation/dist/schemas/itemSchema.js">
          <metrics statements="6" coveredstatements="6" conditionals="7" coveredconditionals="6" methods="2" coveredmethods="2"/>
          <line num="2" count="2" type="cond" truecount="3" falsecount="0"/>
          <line num="3" count="2" type="cond" truecount="3" falsecount="1"/>
          <line num="5" count="2" type="stmt"/>
          <line num="6" count="2" type="stmt"/>
          <line num="17" count="10" type="stmt"/>
          <line num="25" count="2" type="stmt"/>
        </file>
        <file name="locationSchema.js" path="/Users/edsonasaga/tax-calculation/dist/schemas/locationSchema.js">
          <metrics statements="9" coveredstatements="7" conditionals="7" coveredconditionals="6" methods="5" coveredmethods="3"/>
          <line num="2" count="2" type="cond" truecount="3" falsecount="0"/>
          <line num="3" count="2" type="cond" truecount="3" falsecount="1"/>
          <line num="5" count="2" type="stmt"/>
          <line num="6" count="2" type="stmt"/>
          <line num="19" count="0" type="stmt"/>
          <line num="24" count="18" type="stmt"/>
          <line num="36" count="0" type="stmt"/>
          <line num="46" count="6" type="stmt"/>
          <line num="53" count="2" type="stmt"/>
        </file>
        <file name="transactionSchema.js" path="/Users/edsonasaga/tax-calculation/dist/schemas/transactionSchema.js">
          <metrics statements="8" coveredstatements="8" conditionals="7" coveredconditionals="6" methods="1" coveredmethods="1"/>
          <line num="2" count="2" type="cond" truecount="3" falsecount="0"/>
          <line num="3" count="2" type="cond" truecount="3" falsecount="1"/>
          <line num="5" count="2" type="stmt"/>
          <line num="6" count="2" type="stmt"/>
          <line num="12" count="76" type="stmt"/>
          <line num="21" count="77" type="stmt"/>
          <line num="27" count="77" type="stmt"/>
          <line num="45" count="2" type="stmt"/>
        </file>
        <file name="transactionUdts.js" path="/Users/edsonasaga/tax-calculation/dist/schemas/transactionUdts.js">
          <metrics statements="2" coveredstatements="2" conditionals="0" coveredconditionals="0" methods="0" coveredmethods="0"/>
          <line num="2" count="2" type="stmt"/>
          <line num="3" count="2" type="stmt"/>
        </file>
      </package>
      <package name="dist.spec">
        <metrics statements="10" coveredstatements="10" conditionals="0" coveredconditionals="0" methods="3" coveredmethods="3"/>
        <file name="FakeLogger.js" path="/Users/edsonasaga/tax-calculation/dist/spec/FakeLogger.js">
          <metrics statements="5" coveredstatements="5" conditionals="0" coveredconditionals="0" methods="3" coveredmethods="3"/>
          <line num="2" count="2" type="stmt"/>
          <line num="5" count="2" type="stmt"/>
          <line num="8" count="2" type="stmt"/>
          <line num="11" count="2" type="stmt"/>
          <line num="14" count="2" type="stmt"/>
        </file>
        <file name="testDB.js" path="/Users/edsonasaga/tax-calculation/dist/spec/testDB.js">
          <metrics statements="5" coveredstatements="5" conditionals="0" coveredconditionals="0" methods="0" coveredmethods="0"/>
          <line num="2" count="2" type="stmt"/>
          <line num="3" count="2" type="stmt"/>
          <line num="10" count="2" type="stmt"/>
          <line num="54" count="2" type="stmt"/>
          <line num="78" count="2" type="stmt"/>
        </file>
      </package>
      <package name="dist.spec.routes">
        <metrics statements="5" coveredstatements="5" conditionals="0" coveredconditionals="0" methods="1" coveredmethods="1"/>
        <file name="create.js" path="/Users/edsonasaga/tax-calculation/dist/spec/routes/create.js">
          <metrics statements="5" coveredstatements="5" conditionals="0" coveredconditionals="0" methods="1" coveredmethods="1"/>
          <line num="2" count="2" type="stmt"/>
          <line num="4" count="11" type="stmt"/>
          <line num="5" count="28" type="stmt"/>
          <line num="6" count="28" type="stmt"/>
          <line num="9" count="2" type="stmt"/>
        </file>
      </package>
    </metrics>
  </project>
</coverage>
