{"/Users/edsonasaga/tax-calculation/dist/calculateTax.js": {"path":"/Users/edsonasaga/tax-calculation/dist/calculateTax.js","statementMap":{"0":{"start":{"line":2,"column":0},"end":{"line":2,"column":62}},"1":{"start":{"line":3,"column":28},"end":{"line":3,"column":56}},"2":{"start":{"line":4,"column":21},"end":{"line":4,"column":42}},"3":{"start":{"line":5,"column":20},"end":{"line":5,"column":42}},"4":{"start":{"line":6,"column":21},"end":{"line":6,"column":44}},"5":{"start":{"line":7,"column":0},"end":{"line":7,"column":27}},"6":{"start":{"line":16,"column":15},"end":{"line":16,"column":45}},"7":{"start":{"line":17,"column":4},"end":{"line":17,"column":20}},"8":{"start":{"line":18,"column":4},"end":{"line":18,"column":17}},"9":{"start":{"line":19,"column":33},"end":{"line":19,"column":65}},"10":{"start":{"line":20,"column":4},"end":{"line":76,"column":5}},"11":{"start":{"line":21,"column":27},"end":{"line":52,"column":9}},"12":{"start":{"line":53,"column":30},"end":{"line":57,"column":9}},"13":{"start":{"line":58,"column":8},"end":{"line":58,"column":43}},"14":{"start":{"line":59,"column":8},"end":{"line":61,"column":63}},"15":{"start":{"line":62,"column":8},"end":{"line":64,"column":14}},"16":{"start":{"line":65,"column":8},"end":{"line":67,"column":14}},"17":{"start":{"line":68,"column":8},"end":{"line":68,"column":48}},"18":{"start":{"line":69,"column":8},"end":{"line":69,"column":102}},"19":{"start":{"line":70,"column":8},"end":{"line":70,"column":23}},"20":{"start":{"line":71,"column":8},"end":{"line":71,"column":23}},"21":{"start":{"line":72,"column":8},"end":{"line":72,"column":23}},"22":{"start":{"line":73,"column":8},"end":{"line":73,"column":23}},"23":{"start":{"line":74,"column":8},"end":{"line":74,"column":102}},"24":{"start":{"line":75,"column":8},"end":{"line":75,"column":25}},"25":{"start":{"line":77,"column":4},"end":{"line":77,"column":112}},"26":{"start":{"line":78,"column":4},"end":{"line":78,"column":39}},"27":{"start":{"line":79,"column":15},"end":{"line":79,"column":45}},"28":{"start":{"line":80,"column":4},"end":{"line":80,"column":50}},"29":{"start":{"line":82,"column":0},"end":{"line":82,"column":36}},"30":{"start":{"line":84,"column":19},"end":{"line":84,"column":37}},"31":{"start":{"line":85,"column":4},"end":{"line":87,"column":41}},"32":{"start":{"line":88,"column":22},"end":{"line":111,"column":5}},"33":{"start":{"line":112,"column":33},"end":{"line":118,"column":5}},"34":{"start":{"line":119,"column":4},"end":{"line":119,"column":60}},"35":{"start":{"line":120,"column":27},"end":{"line":120,"column":73}},"36":{"start":{"line":121,"column":4},"end":{"line":121,"column":48}},"37":{"start":{"line":124,"column":26},"end":{"line":124,"column":44}},"38":{"start":{"line":125,"column":4},"end":{"line":150,"column":5}},"39":{"start":{"line":126,"column":8},"end":{"line":126,"column":20}},"40":{"start":{"line":129,"column":8},"end":{"line":149,"column":9}},"41":{"start":{"line":130,"column":12},"end":{"line":130,"column":37}},"42":{"start":{"line":132,"column":13},"end":{"line":149,"column":9}},"43":{"start":{"line":133,"column":12},"end":{"line":133,"column":37}},"44":{"start":{"line":135,"column":13},"end":{"line":149,"column":9}},"45":{"start":{"line":136,"column":12},"end":{"line":136,"column":37}},"46":{"start":{"line":139,"column":12},"end":{"line":148,"column":13}},"47":{"start":{"line":140,"column":16},"end":{"line":140,"column":28}},"48":{"start":{"line":142,"column":17},"end":{"line":148,"column":13}},"49":{"start":{"line":144,"column":16},"end":{"line":144,"column":41}},"50":{"start":{"line":147,"column":16},"end":{"line":147,"column":73}},"51":{"start":{"line":153,"column":26},"end":{"line":153,"column":44}},"52":{"start":{"line":154,"column":17},"end":{"line":154,"column":26}},"53":{"start":{"line":155,"column":4},"end":{"line":160,"column":5}},"54":{"start":{"line":156,"column":8},"end":{"line":156,"column":33}},"55":{"start":{"line":159,"column":8},"end":{"line":159,"column":33}},"56":{"start":{"line":163,"column":22},"end":{"line":163,"column":55}},"57":{"start":{"line":164,"column":23},"end":{"line":164,"column":69}},"58":{"start":{"line":165,"column":4},"end":{"line":165,"column":43}},"59":{"start":{"line":166,"column":4},"end":{"line":166,"column":42}},"60":{"start":{"line":167,"column":4},"end":{"line":167,"column":30}},"61":{"start":{"line":168,"column":16},"end":{"line":168,"column":38}},"62":{"start":{"line":169,"column":4},"end":{"line":194,"column":5}},"63":{"start":{"line":170,"column":8},"end":{"line":170,"column":37}},"64":{"start":{"line":173,"column":24},"end":{"line":173,"column":36}},"65":{"start":{"line":174,"column":21},"end":{"line":174,"column":30}},"66":{"start":{"line":175,"column":8},"end":{"line":193,"column":9}},"67":{"start":{"line":176,"column":12},"end":{"line":181,"column":13}},"68":{"start":{"line":177,"column":16},"end":{"line":177,"column":71}},"69":{"start":{"line":180,"column":16},"end":{"line":180,"column":35}},"70":{"start":{"line":183,"column":13},"end":{"line":193,"column":9}},"71":{"start":{"line":184,"column":12},"end":{"line":184,"column":31}},"72":{"start":{"line":187,"column":12},"end":{"line":192,"column":13}},"73":{"start":{"line":188,"column":16},"end":{"line":188,"column":71}},"74":{"start":{"line":191,"column":16},"end":{"line":191,"column":45}},"75":{"start":{"line":195,"column":4},"end":{"line":195,"column":45}},"76":{"start":{"line":198,"column":17},"end":{"line":198,"column":26}},"77":{"start":{"line":199,"column":4},"end":{"line":204,"column":5}},"78":{"start":{"line":200,"column":8},"end":{"line":200,"column":30}},"79":{"start":{"line":203,"column":8},"end":{"line":203,"column":87}},"80":{"start":{"line":207,"column":22},"end":{"line":207,"column":55}},"81":{"start":{"line":208,"column":4},"end":{"line":208,"column":45}},"82":{"start":{"line":209,"column":21},"end":{"line":209,"column":63}},"83":{"start":{"line":210,"column":17},"end":{"line":210,"column":142}},"84":{"start":{"line":211,"column":17},"end":{"line":211,"column":46}},"85":{"start":{"line":212,"column":4},"end":{"line":212,"column":34}},"86":{"start":{"line":213,"column":4},"end":{"line":213,"column":26}},"87":{"start":{"line":214,"column":4},"end":{"line":214,"column":26}},"88":{"start":{"line":215,"column":4},"end":{"line":215,"column":64}},"89":{"start":{"line":218,"column":22},"end":{"line":218,"column":55}},"90":{"start":{"line":219,"column":23},"end":{"line":219,"column":69}},"91":{"start":{"line":220,"column":4},"end":{"line":220,"column":41}},"92":{"start":{"line":221,"column":4},"end":{"line":221,"column":56}},"93":{"start":{"line":222,"column":4},"end":{"line":222,"column":30}},"94":{"start":{"line":223,"column":16},"end":{"line":223,"column":38}},"95":{"start":{"line":224,"column":4},"end":{"line":255,"column":5}},"96":{"start":{"line":225,"column":8},"end":{"line":225,"column":37}},"97":{"start":{"line":228,"column":21},"end":{"line":228,"column":30}},"98":{"start":{"line":229,"column":8},"end":{"line":254,"column":9}},"99":{"start":{"line":230,"column":12},"end":{"line":235,"column":13}},"100":{"start":{"line":231,"column":16},"end":{"line":231,"column":38}},"101":{"start":{"line":234,"column":16},"end":{"line":234,"column":39}},"102":{"start":{"line":237,"column":13},"end":{"line":254,"column":9}},"103":{"start":{"line":238,"column":12},"end":{"line":243,"column":13}},"104":{"start":{"line":239,"column":16},"end":{"line":239,"column":71}},"105":{"start":{"line":242,"column":16},"end":{"line":242,"column":38}},"106":{"start":{"line":246,"column":12},"end":{"line":253,"column":13}},"107":{"start":{"line":247,"column":16},"end":{"line":247,"column":71}},"108":{"start":{"line":250,"column":29},"end":{"line":250,"column":33}},"109":{"start":{"line":251,"column":29},"end":{"line":251,"column":33}},"110":{"start":{"line":252,"column":16},"end":{"line":252,"column":56}},"111":{"start":{"line":256,"column":4},"end":{"line":256,"column":45}},"112":{"start":{"line":259,"column":23},"end":{"line":259,"column":52}},"113":{"start":{"line":260,"column":22},"end":{"line":260,"column":36}},"114":{"start":{"line":261,"column":4},"end":{"line":261,"column":45}},"115":{"start":{"line":262,"column":21},"end":{"line":262,"column":83}},"116":{"start":{"line":263,"column":17},"end":{"line":263,"column":31}},"117":{"start":{"line":264,"column":17},"end":{"line":264,"column":46}},"118":{"start":{"line":265,"column":4},"end":{"line":265,"column":34}},"119":{"start":{"line":266,"column":4},"end":{"line":266,"column":26}},"120":{"start":{"line":267,"column":4},"end":{"line":267,"column":26}},"121":{"start":{"line":268,"column":4},"end":{"line":268,"column":64}},"122":{"start":{"line":271,"column":23},"end":{"line":271,"column":52}},"123":{"start":{"line":272,"column":22},"end":{"line":272,"column":36}},"124":{"start":{"line":273,"column":4},"end":{"line":273,"column":46}},"125":{"start":{"line":277,"column":18},"end":{"line":277,"column":110}},"126":{"start":{"line":278,"column":4},"end":{"line":288,"column":5}},"127":{"start":{"line":279,"column":8},"end":{"line":279,"column":70}},"128":{"start":{"line":280,"column":8},"end":{"line":280,"column":30}},"129":{"start":{"line":281,"column":8},"end":{"line":281,"column":19}},"130":{"start":{"line":284,"column":8},"end":{"line":284,"column":50}},"131":{"start":{"line":285,"column":24},"end":{"line":285,"column":48}},"132":{"start":{"line":286,"column":8},"end":{"line":286,"column":28}},"133":{"start":{"line":287,"column":8},"end":{"line":287,"column":28}},"134":{"start":{"line":289,"column":4},"end":{"line":289,"column":68}},"135":{"start":{"line":290,"column":4},"end":{"line":290,"column":34}},"136":{"start":{"line":291,"column":4},"end":{"line":291,"column":26}},"137":{"start":{"line":292,"column":4},"end":{"line":292,"column":26}},"138":{"start":{"line":293,"column":4},"end":{"line":293,"column":64}},"139":{"start":{"line":296,"column":24},"end":{"line":296,"column":67}},"140":{"start":{"line":297,"column":15},"end":{"line":297,"column":19}},"141":{"start":{"line":298,"column":4},"end":{"line":300,"column":5}},"142":{"start":{"line":299,"column":8},"end":{"line":299,"column":51}},"143":{"start":{"line":301,"column":4},"end":{"line":301,"column":16}},"144":{"start":{"line":304,"column":22},"end":{"line":304,"column":55}},"145":{"start":{"line":305,"column":23},"end":{"line":305,"column":69}},"146":{"start":{"line":306,"column":4},"end":{"line":306,"column":40}},"147":{"start":{"line":307,"column":4},"end":{"line":307,"column":58}},"148":{"start":{"line":308,"column":4},"end":{"line":308,"column":30}},"149":{"start":{"line":309,"column":16},"end":{"line":309,"column":38}},"150":{"start":{"line":310,"column":4},"end":{"line":325,"column":5}},"151":{"start":{"line":313,"column":8},"end":{"line":313,"column":37}},"152":{"start":{"line":316,"column":21},"end":{"line":316,"column":30}},"153":{"start":{"line":317,"column":8},"end":{"line":324,"column":9}},"154":{"start":{"line":318,"column":12},"end":{"line":318,"column":67}},"155":{"start":{"line":321,"column":25},"end":{"line":321,"column":29}},"156":{"start":{"line":322,"column":27},"end":{"line":322,"column":31}},"157":{"start":{"line":323,"column":12},"end":{"line":323,"column":54}},"158":{"start":{"line":326,"column":4},"end":{"line":326,"column":45}},"159":{"start":{"line":329,"column":4},"end":{"line":329,"column":46}},"160":{"start":{"line":330,"column":4},"end":{"line":330,"column":68}},"161":{"start":{"line":331,"column":4},"end":{"line":331,"column":23}},"162":{"start":{"line":332,"column":4},"end":{"line":332,"column":23}},"163":{"start":{"line":333,"column":4},"end":{"line":333,"column":22}},"164":{"start":{"line":336,"column":4},"end":{"line":336,"column":45}},"165":{"start":{"line":337,"column":4},"end":{"line":337,"column":57}},"166":{"start":{"line":338,"column":4},"end":{"line":338,"column":26}},"167":{"start":{"line":339,"column":4},"end":{"line":339,"column":26}},"168":{"start":{"line":340,"column":4},"end":{"line":340,"column":74}},"169":{"start":{"line":343,"column":4},"end":{"line":343,"column":46}},"170":{"start":{"line":344,"column":4},"end":{"line":344,"column":68}},"171":{"start":{"line":345,"column":4},"end":{"line":345,"column":26}},"172":{"start":{"line":346,"column":4},"end":{"line":346,"column":23}},"173":{"start":{"line":347,"column":4},"end":{"line":347,"column":61}},"174":{"start":{"line":350,"column":4},"end":{"line":350,"column":70}},"175":{"start":{"line":351,"column":4},"end":{"line":351,"column":54}},"176":{"start":{"line":352,"column":4},"end":{"line":352,"column":88}},"177":{"start":{"line":355,"column":4},"end":{"line":355,"column":37}},"178":{"start":{"line":358,"column":14},"end":{"line":358,"column":15}},"179":{"start":{"line":359,"column":4},"end":{"line":361,"column":5}},"180":{"start":{"line":360,"column":8},"end":{"line":360,"column":37}},"181":{"start":{"line":362,"column":4},"end":{"line":362,"column":21}}},"fnMap":{"0":{"name":"calculateTax","decl":{"start":{"line":15,"column":9},"end":{"line":15,"column":21}},"loc":{"start":{"line":15,"column":25},"end":{"line":81,"column":1}},"line":15},"1":{"name":"initialize","decl":{"start":{"line":83,"column":9},"end":{"line":83,"column":19}},"loc":{"start":{"line":83,"column":22},"end":{"line":122,"column":1}},"line":83},"2":{"name":"calculateCST","decl":{"start":{"line":123,"column":9},"end":{"line":123,"column":21}},"loc":{"start":{"line":123,"column":24},"end":{"line":151,"column":1}},"line":123},"3":{"name":"cst50or99","decl":{"start":{"line":152,"column":9},"end":{"line":152,"column":18}},"loc":{"start":{"line":152,"column":21},"end":{"line":161,"column":1}},"line":152},"4":{"name":"calculateIec","decl":{"start":{"line":162,"column":9},"end":{"line":162,"column":21}},"loc":{"start":{"line":162,"column":24},"end":{"line":196,"column":1}},"line":162},"5":{"name":"tableOrSimpleIec","decl":{"start":{"line":197,"column":9},"end":{"line":197,"column":25}},"loc":{"start":{"line":197,"column":28},"end":{"line":205,"column":1}},"line":197},"6":{"name":"calculationTableIec","decl":{"start":{"line":206,"column":9},"end":{"line":206,"column":28}},"loc":{"start":{"line":206,"column":31},"end":{"line":216,"column":1}},"line":206},"7":{"name":"calculateIst","decl":{"start":{"line":217,"column":9},"end":{"line":217,"column":21}},"loc":{"start":{"line":217,"column":24},"end":{"line":257,"column":1}},"line":217},"8":{"name":"calculationTableIst","decl":{"start":{"line":258,"column":9},"end":{"line":258,"column":28}},"loc":{"start":{"line":258,"column":31},"end":{"line":269,"column":1}},"line":258},"9":{"name":"calculationPeriodIst","decl":{"start":{"line":270,"column":9},"end":{"line":270,"column":29}},"loc":{"start":{"line":270,"column":32},"end":{"line":294,"column":1}},"line":270},"10":{"name":"rateTableIst","decl":{"start":{"line":295,"column":9},"end":{"line":295,"column":21}},"loc":{"start":{"line":295,"column":24},"end":{"line":302,"column":1}},"line":295},"11":{"name":"calculateIsc","decl":{"start":{"line":303,"column":9},"end":{"line":303,"column":21}},"loc":{"start":{"line":303,"column":24},"end":{"line":327,"column":1}},"line":303},"12":{"name":"calculationExempt","decl":{"start":{"line":328,"column":9},"end":{"line":328,"column":26}},"loc":{"start":{"line":328,"column":38},"end":{"line":334,"column":1}},"line":328},"13":{"name":"calculationFixed","decl":{"start":{"line":335,"column":9},"end":{"line":335,"column":25}},"loc":{"start":{"line":335,"column":49},"end":{"line":341,"column":1}},"line":335},"14":{"name":"calculationSimple","decl":{"start":{"line":342,"column":9},"end":{"line":342,"column":26}},"loc":{"start":{"line":342,"column":44},"end":{"line":348,"column":1}},"line":342},"15":{"name":"calculateSums","decl":{"start":{"line":349,"column":9},"end":{"line":349,"column":22}},"loc":{"start":{"line":349,"column":40},"end":{"line":353,"column":1}},"line":349},"16":{"name":"currencyRound","decl":{"start":{"line":354,"column":9},"end":{"line":354,"column":22}},"loc":{"start":{"line":354,"column":26},"end":{"line":356,"column":1}},"line":354},"17":{"name":"currencySum","decl":{"start":{"line":357,"column":9},"end":{"line":357,"column":20}},"loc":{"start":{"line":357,"column":30},"end":{"line":363,"column":1}},"line":357}},"branchMap":{"0":{"loc":{"start":{"line":59,"column":17},"end":{"line":61,"column":62}},"type":"cond-expr","locations":[{"start":{"line":60,"column":12},"end":{"line":60,"column":27}},{"start":{"line":61,"column":12},"end":{"line":61,"column":62}}],"line":59},"1":{"loc":{"start":{"line":62,"column":21},"end":{"line":64,"column":13}},"type":"cond-expr","locations":[{"start":{"line":63,"column":12},"end":{"line":63,"column":32}},{"start":{"line":64,"column":12},"end":{"line":64,"column":13}}],"line":62},"2":{"loc":{"start":{"line":65,"column":19},"end":{"line":67,"column":13}},"type":"cond-expr","locations":[{"start":{"line":66,"column":12},"end":{"line":66,"column":29}},{"start":{"line":67,"column":12},"end":{"line":67,"column":13}}],"line":65},"3":{"loc":{"start":{"line":85,"column":26},"end":{"line":87,"column":40}},"type":"cond-expr","locations":[{"start":{"line":86,"column":8},"end":{"line":86,"column":40}},{"start":{"line":87,"column":8},"end":{"line":87,"column":40}}],"line":85},"4":{"loc":{"start":{"line":125,"column":4},"end":{"line":150,"column":5}},"type":"if","locations":[{"start":{"line":125,"column":4},"end":{"line":150,"column":5}},{"start":{"line":125,"column":4},"end":{"line":150,"column":5}}],"line":125},"5":{"loc":{"start":{"line":129,"column":8},"end":{"line":149,"column":9}},"type":"if","locations":[{"start":{"line":129,"column":8},"end":{"line":149,"column":9}},{"start":{"line":129,"column":8},"end":{"line":149,"column":9}}],"line":129},"6":{"loc":{"start":{"line":132,"column":13},"end":{"line":149,"column":9}},"type":"if","locations":[{"start":{"line":132,"column":13},"end":{"line":149,"column":9}},{"start":{"line":132,"column":13},"end":{"line":149,"column":9}}],"line":132},"7":{"loc":{"start":{"line":135,"column":13},"end":{"line":149,"column":9}},"type":"if","locations":[{"start":{"line":135,"column":13},"end":{"line":149,"column":9}},{"start":{"line":135,"column":13},"end":{"line":149,"column":9}}],"line":135},"8":{"loc":{"start":{"line":139,"column":12},"end":{"line":148,"column":13}},"type":"if","locations":[{"start":{"line":139,"column":12},"end":{"line":148,"column":13}},{"start":{"line":139,"column":12},"end":{"line":148,"column":13}}],"line":139},"9":{"loc":{"start":{"line":142,"column":17},"end":{"line":148,"column":13}},"type":"if","locations":[{"start":{"line":142,"column":17},"end":{"line":148,"column":13}},{"start":{"line":142,"column":17},"end":{"line":148,"column":13}}],"line":142},"10":{"loc":{"start":{"line":142,"column":21},"end":{"line":143,"column":55}},"type":"binary-expr","locations":[{"start":{"line":142,"column":21},"end":{"line":142,"column":55}},{"start":{"line":143,"column":16},"end":{"line":143,"column":55}}],"line":142},"11":{"loc":{"start":{"line":155,"column":4},"end":{"line":160,"column":5}},"type":"if","locations":[{"start":{"line":155,"column":4},"end":{"line":160,"column":5}},{"start":{"line":155,"column":4},"end":{"line":160,"column":5}}],"line":155},"12":{"loc":{"start":{"line":169,"column":4},"end":{"line":194,"column":5}},"type":"if","locations":[{"start":{"line":169,"column":4},"end":{"line":194,"column":5}},{"start":{"line":169,"column":4},"end":{"line":194,"column":5}}],"line":169},"13":{"loc":{"start":{"line":169,"column":8},"end":{"line":169,"column":34}},"type":"binary-expr","locations":[{"start":{"line":169,"column":8},"end":{"line":169,"column":19}},{"start":{"line":169,"column":23},"end":{"line":169,"column":34}}],"line":169},"14":{"loc":{"start":{"line":175,"column":8},"end":{"line":193,"column":9}},"type":"if","locations":[{"start":{"line":175,"column":8},"end":{"line":193,"column":9}},{"start":{"line":175,"column":8},"end":{"line":193,"column":9}}],"line":175},"15":{"loc":{"start":{"line":175,"column":12},"end":{"line":175,"column":58}},"type":"binary-expr","locations":[{"start":{"line":175,"column":12},"end":{"line":175,"column":29}},{"start":{"line":175,"column":33},"end":{"line":175,"column":58}}],"line":175},"16":{"loc":{"start":{"line":176,"column":12},"end":{"line":181,"column":13}},"type":"if","locations":[{"start":{"line":176,"column":12},"end":{"line":181,"column":13}},{"start":{"line":176,"column":12},"end":{"line":181,"column":13}}],"line":176},"17":{"loc":{"start":{"line":183,"column":13},"end":{"line":193,"column":9}},"type":"if","locations":[{"start":{"line":183,"column":13},"end":{"line":193,"column":9}},{"start":{"line":183,"column":13},"end":{"line":193,"column":9}}],"line":183},"18":{"loc":{"start":{"line":183,"column":17},"end":{"line":183,"column":65}},"type":"binary-expr","locations":[{"start":{"line":183,"column":17},"end":{"line":183,"column":37}},{"start":{"line":183,"column":41},"end":{"line":183,"column":65}}],"line":183},"19":{"loc":{"start":{"line":187,"column":12},"end":{"line":192,"column":13}},"type":"if","locations":[{"start":{"line":187,"column":12},"end":{"line":192,"column":13}},{"start":{"line":187,"column":12},"end":{"line":192,"column":13}}],"line":187},"20":{"loc":{"start":{"line":199,"column":4},"end":{"line":204,"column":5}},"type":"if","locations":[{"start":{"line":199,"column":4},"end":{"line":204,"column":5}},{"start":{"line":199,"column":4},"end":{"line":204,"column":5}}],"line":199},"21":{"loc":{"start":{"line":210,"column":83},"end":{"line":210,"column":141}},"type":"cond-expr","locations":[{"start":{"line":210,"column":136},"end":{"line":210,"column":137}},{"start":{"line":210,"column":140},"end":{"line":210,"column":141}}],"line":210},"22":{"loc":{"start":{"line":224,"column":4},"end":{"line":255,"column":5}},"type":"if","locations":[{"start":{"line":224,"column":4},"end":{"line":255,"column":5}},{"start":{"line":224,"column":4},"end":{"line":255,"column":5}}],"line":224},"23":{"loc":{"start":{"line":224,"column":8},"end":{"line":224,"column":36}},"type":"binary-expr","locations":[{"start":{"line":224,"column":8},"end":{"line":224,"column":20}},{"start":{"line":224,"column":24},"end":{"line":224,"column":36}}],"line":224},"24":{"loc":{"start":{"line":229,"column":8},"end":{"line":254,"column":9}},"type":"if","locations":[{"start":{"line":229,"column":8},"end":{"line":254,"column":9}},{"start":{"line":229,"column":8},"end":{"line":254,"column":9}}],"line":229},"25":{"loc":{"start":{"line":230,"column":12},"end":{"line":235,"column":13}},"type":"if","locations":[{"start":{"line":230,"column":12},"end":{"line":235,"column":13}},{"start":{"line":230,"column":12},"end":{"line":235,"column":13}}],"line":230},"26":{"loc":{"start":{"line":237,"column":13},"end":{"line":254,"column":9}},"type":"if","locations":[{"start":{"line":237,"column":13},"end":{"line":254,"column":9}},{"start":{"line":237,"column":13},"end":{"line":254,"column":9}}],"line":237},"27":{"loc":{"start":{"line":238,"column":12},"end":{"line":243,"column":13}},"type":"if","locations":[{"start":{"line":238,"column":12},"end":{"line":243,"column":13}},{"start":{"line":238,"column":12},"end":{"line":243,"column":13}}],"line":238},"28":{"loc":{"start":{"line":246,"column":12},"end":{"line":253,"column":13}},"type":"if","locations":[{"start":{"line":246,"column":12},"end":{"line":253,"column":13}},{"start":{"line":246,"column":12},"end":{"line":253,"column":13}}],"line":246},"29":{"loc":{"start":{"line":278,"column":4},"end":{"line":288,"column":5}},"type":"if","locations":[{"start":{"line":278,"column":4},"end":{"line":288,"column":5}},{"start":{"line":278,"column":4},"end":{"line":288,"column":5}}],"line":278},"30":{"loc":{"start":{"line":278,"column":8},"end":{"line":278,"column":32}},"type":"binary-expr","locations":[{"start":{"line":278,"column":8},"end":{"line":278,"column":18}},{"start":{"line":278,"column":22},"end":{"line":278,"column":32}}],"line":278},"31":{"loc":{"start":{"line":289,"column":22},"end":{"line":289,"column":67}},"type":"cond-expr","locations":[{"start":{"line":289,"column":37},"end":{"line":289,"column":48}},{"start":{"line":289,"column":51},"end":{"line":289,"column":67}}],"line":289},"32":{"loc":{"start":{"line":298,"column":4},"end":{"line":300,"column":5}},"type":"if","locations":[{"start":{"line":298,"column":4},"end":{"line":300,"column":5}},{"start":{"line":298,"column":4},"end":{"line":300,"column":5}}],"line":298},"33":{"loc":{"start":{"line":310,"column":4},"end":{"line":325,"column":5}},"type":"if","locations":[{"start":{"line":310,"column":4},"end":{"line":325,"column":5}},{"start":{"line":310,"column":4},"end":{"line":325,"column":5}}],"line":310},"34":{"loc":{"start":{"line":310,"column":8},"end":{"line":312,"column":45}},"type":"binary-expr","locations":[{"start":{"line":310,"column":8},"end":{"line":310,"column":52}},{"start":{"line":311,"column":8},"end":{"line":311,"column":38}},{"start":{"line":312,"column":8},"end":{"line":312,"column":45}}],"line":310},"35":{"loc":{"start":{"line":317,"column":8},"end":{"line":324,"column":9}},"type":"if","locations":[{"start":{"line":317,"column":8},"end":{"line":324,"column":9}},{"start":{"line":317,"column":8},"end":{"line":324,"column":9}}],"line":317}},"s":{"0":2,"1":2,"2":2,"3":2,"4":2,"5":2,"6":11,"7":11,"8":11,"9":11,"10":11,"11":16,"12":16,"13":16,"14":16,"15":16,"16":16,"17":16,"18":16,"19":16,"20":14,"21":14,"22":14,"23":14,"24":14,"25":9,"26":9,"27":9,"28":9,"29":2,"30":11,"31":11,"32":11,"33":11,"34":11,"35":11,"36":11,"37":16,"38":16,"39":2,"40":14,"41":2,"42":12,"43":1,"44":11,"45":1,"46":10,"47":2,"48":8,"49":6,"50":2,"51":4,"52":4,"53":4,"54":2,"55":2,"56":14,"57":14,"58":14,"59":14,"60":14,"61":14,"62":14,"63":4,"64":10,"65":10,"66":10,"67":2,"68":1,"69":1,"70":8,"71":6,"72":2,"73":1,"74":1,"75":14,"76":7,"77":7,"78":4,"79":3,"80":4,"81":4,"82":4,"83":4,"84":4,"85":4,"86":4,"87":4,"88":4,"89":14,"90":14,"91":14,"92":14,"93":14,"94":14,"95":14,"96":2,"97":12,"98":12,"99":4,"100":1,"101":3,"102":8,"103":2,"104":1,"105":1,"106":6,"107":2,"108":4,"109":4,"110":4,"111":14,"112":2,"113":2,"114":2,"115":2,"116":2,"117":2,"118":2,"119":2,"120":2,"121":2,"122":3,"123":3,"124":3,"125":3,"126":3,"127":1,"128":1,"129":1,"130":2,"131":2,"132":2,"133":2,"134":3,"135":3,"136":3,"137":3,"138":3,"139":3,"140":3,"141":3,"142":2,"143":3,"144":14,"145":14,"146":14,"147":14,"148":14,"149":14,"150":14,"151":8,"152":6,"153":6,"154":3,"155":3,"156":3,"157":3,"158":14,"159":15,"160":15,"161":15,"162":15,"163":15,"164":7,"165":7,"166":7,"167":7,"168":7,"169":11,"170":11,"171":11,"172":11,"173":11,"174":42,"175":42,"176":42,"177":42,"178":207,"179":207,"180":465,"181":207},"f":{"0":11,"1":11,"2":16,"3":4,"4":14,"5":7,"6":4,"7":14,"8":2,"9":3,"10":3,"11":14,"12":15,"13":7,"14":11,"15":42,"16":42,"17":207},"b":{"0":[1,15],"1":[15,1],"2":[15,1],"3":[9,2],"4":[2,14],"5":[2,12],"6":[1,11],"7":[1,10],"8":[2,8],"9":[6,2],"10":[8,5],"11":[2,2],"12":[4,10],"13":[14,14],"14":[2,8],"15":[10,9],"16":[1,1],"17":[6,2],"18":[8,4],"19":[1,1],"20":[4,3],"21":[2,2],"22":[2,12],"23":[14,13],"24":[4,8],"25":[1,3],"26":[2,6],"27":[1,1],"28":[2,4],"29":[1,2],"30":[3,2],"31":[2,1],"32":[2,1],"33":[8,6],"34":[14,8,7],"35":[3,3]},"_coverageSchema":"332fd63041d2c1bcb487cc26dd0d5f7d97098a6c","hash":"82229c868426146fad4346f16959e6977be3ada7"}
,"/Users/edsonasaga/tax-calculation/dist/getModelInstances.js": {"path":"/Users/edsonasaga/tax-calculation/dist/getModelInstances.js","statementMap":{"0":{"start":{"line":2,"column":22},"end":{"line":4,"column":1}},"1":{"start":{"line":3,"column":4},"end":{"line":3,"column":62}},"2":{"start":{"line":5,"column":0},"end":{"line":5,"column":62}},"3":{"start":{"line":6,"column":28},"end":{"line":6,"column":73}},"4":{"start":{"line":7,"column":21},"end":{"line":7,"column":52}},"5":{"start":{"line":8,"column":26},"end":{"line":8,"column":62}},"6":{"start":{"line":9,"column":24},"end":{"line":9,"column":75}},"7":{"start":{"line":10,"column":25},"end":{"line":10,"column":77}},"8":{"start":{"line":11,"column":21},"end":{"line":11,"column":69}},"9":{"start":{"line":12,"column":28},"end":{"line":12,"column":83}},"10":{"start":{"line":14,"column":19},"end":{"line":29,"column":6}},"11":{"start":{"line":30,"column":25},"end":{"line":30,"column":97}},"12":{"start":{"line":31,"column":4},"end":{"line":31,"column":37}},"13":{"start":{"line":32,"column":26},"end":{"line":32,"column":100}},"14":{"start":{"line":33,"column":4},"end":{"line":33,"column":38}},"15":{"start":{"line":34,"column":22},"end":{"line":34,"column":88}},"16":{"start":{"line":35,"column":4},"end":{"line":35,"column":34}},"17":{"start":{"line":36,"column":29},"end":{"line":36,"column":109}},"18":{"start":{"line":37,"column":4},"end":{"line":37,"column":41}},"19":{"start":{"line":38,"column":4},"end":{"line":38,"column":27}},"20":{"start":{"line":40,"column":0},"end":{"line":40,"column":46}}},"fnMap":{"0":{"name":"(anonymous_0)","decl":{"start":{"line":2,"column":56},"end":{"line":2,"column":57}},"loc":{"start":{"line":2,"column":71},"end":{"line":4,"column":1}},"line":2},"1":{"name":"getModelInstances","decl":{"start":{"line":13,"column":15},"end":{"line":13,"column":32}},"loc":{"start":{"line":13,"column":35},"end":{"line":39,"column":1}},"line":13}},"branchMap":{"0":{"loc":{"start":{"line":2,"column":22},"end":{"line":4,"column":1}},"type":"binary-expr","locations":[{"start":{"line":2,"column":23},"end":{"line":2,"column":27}},{"start":{"line":2,"column":31},"end":{"line":2,"column":51}},{"start":{"line":2,"column":56},"end":{"line":4,"column":1}}],"line":2},"1":{"loc":{"start":{"line":3,"column":11},"end":{"line":3,"column":61}},"type":"cond-expr","locations":[{"start":{"line":3,"column":37},"end":{"line":3,"column":40}},{"start":{"line":3,"column":43},"end":{"line":3,"column":61}}],"line":3},"2":{"loc":{"start":{"line":3,"column":12},"end":{"line":3,"column":33}},"type":"binary-expr","locations":[{"start":{"line":3,"column":12},"end":{"line":3,"column":15}},{"start":{"line":3,"column":19},"end":{"line":3,"column":33}}],"line":3}},"s":{"0":2,"1":10,"2":2,"3":2,"4":2,"5":2,"6":2,"7":2,"8":2,"9":2,"10":2,"11":2,"12":2,"13":2,"14":2,"15":2,"16":2,"17":2,"18":2,"19":2,"20":2},"f":{"0":10,"1":2},"b":{"0":[2,2,2],"1":[0,10],"2":[10,10]},"_coverageSchema":"332fd63041d2c1bcb487cc26dd0d5f7d97098a6c","hash":"85d5bd7486dd11fd28e04f0bc2fd767911e00f9a"}
,"/Users/edsonasaga/tax-calculation/dist/httpErrors.js": {"path":"/Users/edsonasaga/tax-calculation/dist/httpErrors.js","statementMap":{"0":{"start":{"line":2,"column":22},"end":{"line":4,"column":1}},"1":{"start":{"line":3,"column":4},"end":{"line":3,"column":62}},"2":{"start":{"line":5,"column":0},"end":{"line":5,"column":62}},"3":{"start":{"line":6,"column":22},"end":{"line":6,"column":61}},"4":{"start":{"line":9,"column":8},"end":{"line":9,"column":31}},"5":{"start":{"line":10,"column":8},"end":{"line":10,"column":31}},"6":{"start":{"line":11,"column":8},"end":{"line":11,"column":58}},"7":{"start":{"line":14,"column":0},"end":{"line":14,"column":28}},"8":{"start":{"line":17,"column":8},"end":{"line":17,"column":31}},"9":{"start":{"line":18,"column":8},"end":{"line":18,"column":33}},"10":{"start":{"line":19,"column":8},"end":{"line":19,"column":60}},"11":{"start":{"line":22,"column":0},"end":{"line":22,"column":32}},"12":{"start":{"line":25,"column":8},"end":{"line":25,"column":31}},"13":{"start":{"line":26,"column":8},"end":{"line":26,"column":35}},"14":{"start":{"line":27,"column":8},"end":{"line":27,"column":61}},"15":{"start":{"line":30,"column":0},"end":{"line":30,"column":36}}},"fnMap":{"0":{"name":"(anonymous_0)","decl":{"start":{"line":2,"column":56},"end":{"line":2,"column":57}},"loc":{"start":{"line":2,"column":71},"end":{"line":4,"column":1}},"line":2},"1":{"name":"(anonymous_1)","decl":{"start":{"line":8,"column":4},"end":{"line":8,"column":5}},"loc":{"start":{"line":8,"column":69},"end":{"line":12,"column":5}},"line":8},"2":{"name":"(anonymous_2)","decl":{"start":{"line":16,"column":4},"end":{"line":16,"column":5}},"loc":{"start":{"line":16,"column":46},"end":{"line":20,"column":5}},"line":16},"3":{"name":"(anonymous_3)","decl":{"start":{"line":24,"column":4},"end":{"line":24,"column":5}},"loc":{"start":{"line":24,"column":45},"end":{"line":28,"column":5}},"line":24}},"branchMap":{"0":{"loc":{"start":{"line":2,"column":22},"end":{"line":4,"column":1}},"type":"binary-expr","locations":[{"start":{"line":2,"column":23},"end":{"line":2,"column":27}},{"start":{"line":2,"column":31},"end":{"line":2,"column":51}},{"start":{"line":2,"column":56},"end":{"line":4,"column":1}}],"line":2},"1":{"loc":{"start":{"line":3,"column":11},"end":{"line":3,"column":61}},"type":"cond-expr","locations":[{"start":{"line":3,"column":37},"end":{"line":3,"column":40}},{"start":{"line":3,"column":43},"end":{"line":3,"column":61}}],"line":3},"2":{"loc":{"start":{"line":3,"column":12},"end":{"line":3,"column":33}},"type":"binary-expr","locations":[{"start":{"line":3,"column":12},"end":{"line":3,"column":15}},{"start":{"line":3,"column":19},"end":{"line":3,"column":33}}],"line":3},"3":{"loc":{"start":{"line":8,"column":16},"end":{"line":8,"column":67}},"type":"default-arg","locations":[{"start":{"line":8,"column":26},"end":{"line":8,"column":67}}],"line":8},"4":{"loc":{"start":{"line":16,"column":16},"end":{"line":16,"column":44}},"type":"default-arg","locations":[{"start":{"line":16,"column":26},"end":{"line":16,"column":44}}],"line":16},"5":{"loc":{"start":{"line":24,"column":16},"end":{"line":24,"column":43}},"type":"default-arg","locations":[{"start":{"line":24,"column":26},"end":{"line":24,"column":43}}],"line":24}},"s":{"0":2,"1":2,"2":2,"3":2,"4":0,"5":0,"6":0,"7":2,"8":3,"9":3,"10":3,"11":2,"12":0,"13":0,"14":0,"15":2},"f":{"0":2,"1":0,"2":3,"3":0},"b":{"0":[2,2,2],"1":[0,2],"2":[2,2],"3":[0],"4":[0],"5":[0]},"_coverageSchema":"332fd63041d2c1bcb487cc26dd0d5f7d97098a6c","hash":"71c9a0d08ba0348c91783acd5c49965786ea35d1"}
,"/Users/edsonasaga/tax-calculation/dist/taxTables.js": {"path":"/Users/edsonasaga/tax-calculation/dist/taxTables.js","statementMap":{"0":{"start":{"line":2,"column":0},"end":{"line":2,"column":62}},"1":{"start":{"line":3,"column":0},"end":{"line":30,"column":2}},"2":{"start":{"line":31,"column":0},"end":{"line":37,"column":2}},"3":{"start":{"line":38,"column":0},"end":{"line":487,"column":2}}},"fnMap":{},"branchMap":{},"s":{"0":2,"1":2,"2":2,"3":2},"f":{},"b":{},"_coverageSchema":"332fd63041d2c1bcb487cc26dd0d5f7d97098a6c","hash":"0989760ece0c6284c797ed40748425e77255f561"}
,"/Users/edsonasaga/tax-calculation/dist/routes/getErrorHandler.js": {"path":"/Users/edsonasaga/tax-calculation/dist/routes/getErrorHandler.js","statementMap":{"0":{"start":{"line":2,"column":0},"end":{"line":2,"column":62}},"1":{"start":{"line":3,"column":22},"end":{"line":3,"column":44}},"2":{"start":{"line":5,"column":4},"end":{"line":14,"column":6}},"3":{"start":{"line":6,"column":8},"end":{"line":6,"column":26}},"4":{"start":{"line":7,"column":8},"end":{"line":7,"column":25}},"5":{"start":{"line":8,"column":25},"end":{"line":8,"column":39}},"6":{"start":{"line":9,"column":8},"end":{"line":11,"column":9}},"7":{"start":{"line":10,"column":12},"end":{"line":10,"column":61}},"8":{"start":{"line":12,"column":8},"end":{"line":13,"column":23}},"9":{"start":{"line":16,"column":0},"end":{"line":16,"column":42}}},"fnMap":{"0":{"name":"getErrorHandler","decl":{"start":{"line":4,"column":9},"end":{"line":4,"column":24}},"loc":{"start":{"line":4,"column":33},"end":{"line":15,"column":1}},"line":4},"1":{"name":"(anonymous_1)","decl":{"start":{"line":5,"column":11},"end":{"line":5,"column":12}},"loc":{"start":{"line":5,"column":36},"end":{"line":14,"column":5}},"line":5}},"branchMap":{"0":{"loc":{"start":{"line":9,"column":8},"end":{"line":11,"column":9}},"type":"if","locations":[{"start":{"line":9,"column":8},"end":{"line":11,"column":9}},{"start":{"line":9,"column":8},"end":{"line":11,"column":9}}],"line":9}},"s":{"0":2,"1":2,"2":2,"3":2,"4":2,"5":2,"6":2,"7":0,"8":2,"9":2},"f":{"0":2,"1":2},"b":{"0":[0,2]},"_coverageSchema":"332fd63041d2c1bcb487cc26dd0d5f7d97098a6c","hash":"68b99e07d83cef830ab2c046e7c7bc8635001987"}
,"/Users/edsonasaga/tax-calculation/dist/routes/getLocationsRouter.js": {"path":"/Users/edsonasaga/tax-calculation/dist/routes/getLocationsRouter.js","statementMap":{"0":{"start":{"line":2,"column":0},"end":{"line":2,"column":62}},"1":{"start":{"line":3,"column":18},"end":{"line":3,"column":36}},"2":{"start":{"line":5,"column":19},"end":{"line":5,"column":37}},"3":{"start":{"line":6,"column":4},"end":{"line":10,"column":7}},"4":{"start":{"line":7,"column":22},"end":{"line":7,"column":31}},"5":{"start":{"line":8,"column":26},"end":{"line":8,"column":100}},"6":{"start":{"line":9,"column":8},"end":{"line":9,"column":28}},"7":{"start":{"line":11,"column":4},"end":{"line":11,"column":18}},"8":{"start":{"line":13,"column":0},"end":{"line":13,"column":48}}},"fnMap":{"0":{"name":"getLocationsRouter","decl":{"start":{"line":4,"column":9},"end":{"line":4,"column":27}},"loc":{"start":{"line":4,"column":43},"end":{"line":12,"column":1}},"line":4},"1":{"name":"(anonymous_1)","decl":{"start":{"line":6,"column":20},"end":{"line":6,"column":21}},"loc":{"start":{"line":6,"column":40},"end":{"line":10,"column":5}},"line":6}},"branchMap":{},"s":{"0":1,"1":1,"2":1,"3":1,"4":1,"5":1,"6":1,"7":1,"8":1},"f":{"0":1,"1":1},"b":{},"_coverageSchema":"332fd63041d2c1bcb487cc26dd0d5f7d97098a6c","hash":"873052397ec44c3acbb8047dbb4991a7ebbba867"}
,"/Users/edsonasaga/tax-calculation/dist/routes/getTransactionsRouter.js": {"path":"/Users/edsonasaga/tax-calculation/dist/routes/getTransactionsRouter.js","statementMap":{"0":{"start":{"line":2,"column":0},"end":{"line":2,"column":62}},"1":{"start":{"line":3,"column":18},"end":{"line":3,"column":36}},"2":{"start":{"line":4,"column":21},"end":{"line":4,"column":45}},"3":{"start":{"line":5,"column":23},"end":{"line":5,"column":49}},"4":{"start":{"line":7,"column":19},"end":{"line":7,"column":37}},"5":{"start":{"line":9,"column":23},"end":{"line":9,"column":41}},"6":{"start":{"line":10,"column":8},"end":{"line":10,"column":108}},"7":{"start":{"line":11,"column":8},"end":{"line":13,"column":9}},"8":{"start":{"line":12,"column":12},"end":{"line":12,"column":93}},"9":{"start":{"line":15,"column":4},"end":{"line":32,"column":7}},"10":{"start":{"line":16,"column":28},"end":{"line":16,"column":36}},"11":{"start":{"line":17,"column":8},"end":{"line":31,"column":9}},"12":{"start":{"line":18,"column":12},"end":{"line":18,"column":75}},"13":{"start":{"line":21,"column":12},"end":{"line":30,"column":13}},"14":{"start":{"line":22,"column":16},"end":{"line":22,"column":55}},"15":{"start":{"line":23,"column":16},"end":{"line":23,"column":57}},"16":{"start":{"line":24,"column":39},"end":{"line":24,"column":111}},"17":{"start":{"line":25,"column":16},"end":{"line":25,"column":49}},"18":{"start":{"line":26,"column":16},"end":{"line":26,"column":38}},"19":{"start":{"line":29,"column":16},"end":{"line":29,"column":28}},"20":{"start":{"line":33,"column":4},"end":{"line":56,"column":7}},"21":{"start":{"line":34,"column":22},"end":{"line":34,"column":31}},"22":{"start":{"line":35,"column":8},"end":{"line":37,"column":9}},"23":{"start":{"line":36,"column":12},"end":{"line":36,"column":61}},"24":{"start":{"line":38,"column":32},"end":{"line":38,"column":109}},"25":{"start":{"line":39,"column":29},"end":{"line":39,"column":31}},"26":{"start":{"line":40,"column":8},"end":{"line":54,"column":9}},"27":{"start":{"line":41,"column":32},"end":{"line":51,"column":13}},"28":{"start":{"line":52,"column":12},"end":{"line":52,"column":51}},"29":{"start":{"line":53,"column":12},"end":{"line":53,"column":43}},"30":{"start":{"line":55,"column":8},"end":{"line":55,"column":31}},"31":{"start":{"line":57,"column":4},"end":{"line":57,"column":18}},"32":{"start":{"line":59,"column":0},"end":{"line":59,"column":54}}},"fnMap":{"0":{"name":"getTransactionsRouter","decl":{"start":{"line":6,"column":9},"end":{"line":6,"column":30}},"loc":{"start":{"line":6,"column":75},"end":{"line":58,"column":1}},"line":6},"1":{"name":"populateTransaction","decl":{"start":{"line":8,"column":19},"end":{"line":8,"column":38}},"loc":{"start":{"line":8,"column":52},"end":{"line":14,"column":5}},"line":8},"2":{"name":"(anonymous_2)","decl":{"start":{"line":15,"column":21},"end":{"line":15,"column":22}},"loc":{"start":{"line":15,"column":47},"end":{"line":32,"column":5}},"line":15},"3":{"name":"(anonymous_3)","decl":{"start":{"line":33,"column":20},"end":{"line":33,"column":21}},"loc":{"start":{"line":33,"column":40},"end":{"line":56,"column":5}},"line":33}},"branchMap":{"0":{"loc":{"start":{"line":17,"column":8},"end":{"line":31,"column":9}},"type":"if","locations":[{"start":{"line":17,"column":8},"end":{"line":31,"column":9}},{"start":{"line":17,"column":8},"end":{"line":31,"column":9}}],"line":17},"1":{"loc":{"start":{"line":35,"column":8},"end":{"line":37,"column":9}},"type":"if","locations":[{"start":{"line":35,"column":8},"end":{"line":37,"column":9}},{"start":{"line":35,"column":8},"end":{"line":37,"column":9}}],"line":35}},"s":{"0":1,"1":1,"2":1,"3":1,"4":1,"5":10,"6":10,"7":10,"8":14,"9":1,"10":3,"11":3,"12":1,"13":2,"14":2,"15":2,"16":1,"17":1,"18":1,"19":1,"20":1,"21":2,"22":2,"23":1,"24":2,"25":2,"26":2,"27":8,"28":8,"29":8,"30":2,"31":1,"32":1},"f":{"0":1,"1":10,"2":3,"3":2},"b":{"0":[1,2],"1":[1,1]},"_coverageSchema":"332fd63041d2c1bcb487cc26dd0d5f7d97098a6c","hash":"44852415f8b6fc1b0248be2dc468ff0c4f755553"}
,"/Users/edsonasaga/tax-calculation/dist/schemas/addressUdt.js": {"path":"/Users/edsonasaga/tax-calculation/dist/schemas/addressUdt.js","statementMap":{"0":{"start":{"line":2,"column":0},"end":{"line":2,"column":62}},"1":{"start":{"line":3,"column":0},"end":{"line":17,"column":2}}},"fnMap":{},"branchMap":{},"s":{"0":2,"1":2},"f":{},"b":{},"_coverageSchema":"332fd63041d2c1bcb487cc26dd0d5f7d97098a6c","hash":"f88827f432577f18291c0eb7505c566c7557e441"}
,"/Users/edsonasaga/tax-calculation/dist/schemas/companySchema.js": {"path":"/Users/edsonasaga/tax-calculation/dist/schemas/companySchema.js","statementMap":{"0":{"start":{"line":2,"column":19},"end":{"line":8,"column":1}},"1":{"start":{"line":3,"column":4},"end":{"line":3,"column":42}},"2":{"start":{"line":3,"column":31},"end":{"line":3,"column":42}},"3":{"start":{"line":4,"column":17},"end":{"line":4,"column":19}},"4":{"start":{"line":5,"column":4},"end":{"line":5,"column":99}},"5":{"start":{"line":5,"column":21},"end":{"line":5,"column":99}},"6":{"start":{"line":5,"column":40},"end":{"line":5,"column":99}},"7":{"start":{"line":5,"column":80},"end":{"line":5,"column":99}},"8":{"start":{"line":6,"column":4},"end":{"line":6,"column":28}},"9":{"start":{"line":7,"column":4},"end":{"line":7,"column":18}},"10":{"start":{"line":9,"column":22},"end":{"line":11,"column":1}},"11":{"start":{"line":10,"column":4},"end":{"line":10,"column":62}},"12":{"start":{"line":12,"column":15},"end":{"line":12,"column":57}},"13":{"start":{"line":13,"column":24},"end":{"line":13,"column":65}},"14":{"start":{"line":14,"column":16},"end":{"line":26,"column":1}},"15":{"start":{"line":18,"column":27},"end":{"line":19,"column":27}},"16":{"start":{"line":27,"column":0},"end":{"line":27,"column":25}}},"fnMap":{"0":{"name":"(anonymous_0)","decl":{"start":{"line":2,"column":50},"end":{"line":2,"column":51}},"loc":{"start":{"line":2,"column":65},"end":{"line":8,"column":1}},"line":2},"1":{"name":"(anonymous_1)","decl":{"start":{"line":9,"column":56},"end":{"line":9,"column":57}},"loc":{"start":{"line":9,"column":71},"end":{"line":11,"column":1}},"line":9},"2":{"name":"(anonymous_2)","decl":{"start":{"line":18,"column":21},"end":{"line":18,"column":22}},"loc":{"start":{"line":18,"column":27},"end":{"line":19,"column":27}},"line":18}},"branchMap":{"0":{"loc":{"start":{"line":2,"column":19},"end":{"line":8,"column":1}},"type":"binary-expr","locations":[{"start":{"line":2,"column":20},"end":{"line":2,"column":24}},{"start":{"line":2,"column":28},"end":{"line":2,"column":45}},{"start":{"line":2,"column":50},"end":{"line":8,"column":1}}],"line":2},"1":{"loc":{"start":{"line":3,"column":4},"end":{"line":3,"column":42}},"type":"if","locations":[{"start":{"line":3,"column":4},"end":{"line":3,"column":42}},{"start":{"line":3,"column":4},"end":{"line":3,"column":42}}],"line":3},"2":{"loc":{"start":{"line":3,"column":8},"end":{"line":3,"column":29}},"type":"binary-expr","locations":[{"start":{"line":3,"column":8},"end":{"line":3,"column":11}},{"start":{"line":3,"column":15},"end":{"line":3,"column":29}}],"line":3},"3":{"loc":{"start":{"line":5,"column":4},"end":{"line":5,"column":99}},"type":"if","locations":[{"start":{"line":5,"column":4},"end":{"line":5,"column":99}},{"start":{"line":5,"column":4},"end":{"line":5,"column":99}}],"line":5},"4":{"loc":{"start":{"line":5,"column":40},"end":{"line":5,"column":99}},"type":"if","locations":[{"start":{"line":5,"column":40},"end":{"line":5,"column":99}},{"start":{"line":5,"column":40},"end":{"line":5,"column":99}}],"line":5},"5":{"loc":{"start":{"line":9,"column":22},"end":{"line":11,"column":1}},"type":"binary-expr","locations":[{"start":{"line":9,"column":23},"end":{"line":9,"column":27}},{"start":{"line":9,"column":31},"end":{"line":9,"column":51}},{"start":{"line":9,"column":56},"end":{"line":11,"column":1}}],"line":9},"6":{"loc":{"start":{"line":10,"column":11},"end":{"line":10,"column":61}},"type":"cond-expr","locations":[{"start":{"line":10,"column":37},"end":{"line":10,"column":40}},{"start":{"line":10,"column":43},"end":{"line":10,"column":61}}],"line":10},"7":{"loc":{"start":{"line":10,"column":12},"end":{"line":10,"column":33}},"type":"binary-expr","locations":[{"start":{"line":10,"column":12},"end":{"line":10,"column":15}},{"start":{"line":10,"column":19},"end":{"line":10,"column":33}}],"line":10}},"s":{"0":2,"1":2,"2":0,"3":2,"4":2,"5":2,"6":46,"7":46,"8":2,"9":2,"10":2,"11":2,"12":2,"13":2,"14":2,"15":0,"16":2},"f":{"0":2,"1":2,"2":0},"b":{"0":[2,2,2],"1":[0,2],"2":[2,2],"3":[2,0],"4":[46,0],"5":[2,2,2],"6":[0,2],"7":[2,2]},"_coverageSchema":"332fd63041d2c1bcb487cc26dd0d5f7d97098a6c","hash":"cc43ad76c09e894a970278366462fc6c4a0796c5"}
,"/Users/edsonasaga/tax-calculation/dist/schemas/itemSchema.js": {"path":"/Users/edsonasaga/tax-calculation/dist/schemas/itemSchema.js","statementMap":{"0":{"start":{"line":2,"column":22},"end":{"line":4,"column":1}},"1":{"start":{"line":3,"column":4},"end":{"line":3,"column":62}},"2":{"start":{"line":5,"column":24},"end":{"line":5,"column":65}},"3":{"start":{"line":6,"column":13},"end":{"line":24,"column":1}},"4":{"start":{"line":17,"column":38},"end":{"line":17,"column":86}},"5":{"start":{"line":25,"column":0},"end":{"line":25,"column":22}}},"fnMap":{"0":{"name":"(anonymous_0)","decl":{"start":{"line":2,"column":56},"end":{"line":2,"column":57}},"loc":{"start":{"line":2,"column":71},"end":{"line":4,"column":1}},"line":2},"1":{"name":"(anonymous_1)","decl":{"start":{"line":17,"column":27},"end":{"line":17,"column":28}},"loc":{"start":{"line":17,"column":38},"end":{"line":17,"column":86}},"line":17}},"branchMap":{"0":{"loc":{"start":{"line":2,"column":22},"end":{"line":4,"column":1}},"type":"binary-expr","locations":[{"start":{"line":2,"column":23},"end":{"line":2,"column":27}},{"start":{"line":2,"column":31},"end":{"line":2,"column":51}},{"start":{"line":2,"column":56},"end":{"line":4,"column":1}}],"line":2},"1":{"loc":{"start":{"line":3,"column":11},"end":{"line":3,"column":61}},"type":"cond-expr","locations":[{"start":{"line":3,"column":37},"end":{"line":3,"column":40}},{"start":{"line":3,"column":43},"end":{"line":3,"column":61}}],"line":3},"2":{"loc":{"start":{"line":3,"column":12},"end":{"line":3,"column":33}},"type":"binary-expr","locations":[{"start":{"line":3,"column":12},"end":{"line":3,"column":15}},{"start":{"line":3,"column":19},"end":{"line":3,"column":33}}],"line":3}},"s":{"0":2,"1":2,"2":2,"3":2,"4":10,"5":2},"f":{"0":2,"1":10},"b":{"0":[2,2,2],"1":[0,2],"2":[2,2]},"_coverageSchema":"332fd63041d2c1bcb487cc26dd0d5f7d97098a6c","hash":"3958c9ef4c28395940fff408171cd22e308abf39"}
,"/Users/edsonasaga/tax-calculation/dist/schemas/locationSchema.js": {"path":"/Users/edsonasaga/tax-calculation/dist/schemas/locationSchema.js","statementMap":{"0":{"start":{"line":2,"column":22},"end":{"line":4,"column":1}},"1":{"start":{"line":3,"column":4},"end":{"line":3,"column":62}},"2":{"start":{"line":5,"column":24},"end":{"line":5,"column":65}},"3":{"start":{"line":6,"column":17},"end":{"line":52,"column":1}},"4":{"start":{"line":19,"column":42},"end":{"line":19,"column":66}},"5":{"start":{"line":24,"column":38},"end":{"line":29,"column":30}},"6":{"start":{"line":36,"column":38},"end":{"line":40,"column":30}},"7":{"start":{"line":46,"column":38},"end":{"line":46,"column":95}},"8":{"start":{"line":53,"column":0},"end":{"line":53,"column":26}}},"fnMap":{"0":{"name":"(anonymous_0)","decl":{"start":{"line":2,"column":56},"end":{"line":2,"column":57}},"loc":{"start":{"line":2,"column":71},"end":{"line":4,"column":1}},"line":2},"1":{"name":"(anonymous_1)","decl":{"start":{"line":19,"column":31},"end":{"line":19,"column":32}},"loc":{"start":{"line":19,"column":42},"end":{"line":19,"column":66}},"line":19},"2":{"name":"(anonymous_2)","decl":{"start":{"line":24,"column":27},"end":{"line":24,"column":28}},"loc":{"start":{"line":24,"column":38},"end":{"line":29,"column":30}},"line":24},"3":{"name":"(anonymous_3)","decl":{"start":{"line":36,"column":27},"end":{"line":36,"column":28}},"loc":{"start":{"line":36,"column":38},"end":{"line":40,"column":30}},"line":36},"4":{"name":"(anonymous_4)","decl":{"start":{"line":46,"column":27},"end":{"line":46,"column":28}},"loc":{"start":{"line":46,"column":38},"end":{"line":46,"column":95}},"line":46}},"branchMap":{"0":{"loc":{"start":{"line":2,"column":22},"end":{"line":4,"column":1}},"type":"binary-expr","locations":[{"start":{"line":2,"column":23},"end":{"line":2,"column":27}},{"start":{"line":2,"column":31},"end":{"line":2,"column":51}},{"start":{"line":2,"column":56},"end":{"line":4,"column":1}}],"line":2},"1":{"loc":{"start":{"line":3,"column":11},"end":{"line":3,"column":61}},"type":"cond-expr","locations":[{"start":{"line":3,"column":37},"end":{"line":3,"column":40}},{"start":{"line":3,"column":43},"end":{"line":3,"column":61}}],"line":3},"2":{"loc":{"start":{"line":3,"column":12},"end":{"line":3,"column":33}},"type":"binary-expr","locations":[{"start":{"line":3,"column":12},"end":{"line":3,"column":15}},{"start":{"line":3,"column":19},"end":{"line":3,"column":33}}],"line":3}},"s":{"0":2,"1":2,"2":2,"3":2,"4":0,"5":18,"6":0,"7":6,"8":2},"f":{"0":2,"1":0,"2":18,"3":0,"4":6},"b":{"0":[2,2,2],"1":[0,2],"2":[2,2]},"_coverageSchema":"332fd63041d2c1bcb487cc26dd0d5f7d97098a6c","hash":"8e655a3108e3d2ab59849cb05279f16bd84aa4cf"}
,"/Users/edsonasaga/tax-calculation/dist/schemas/transactionSchema.js": {"path":"/Users/edsonasaga/tax-calculation/dist/schemas/transactionSchema.js","statementMap":{"0":{"start":{"line":2,"column":22},"end":{"line":4,"column":1}},"1":{"start":{"line":3,"column":4},"end":{"line":3,"column":62}},"2":{"start":{"line":5,"column":17},"end":{"line":5,"column":51}},"3":{"start":{"line":6,"column":20},"end":{"line":44,"column":1}},"4":{"start":{"line":12,"column":20},"end":{"line":12,"column":70}},"5":{"start":{"line":21,"column":39},"end":{"line":21,"column":62}},"6":{"start":{"line":27,"column":20},"end":{"line":28,"column":35}},"7":{"start":{"line":45,"column":0},"end":{"line":45,"column":29}}},"fnMap":{"0":{"name":"(anonymous_0)","decl":{"start":{"line":2,"column":56},"end":{"line":2,"column":57}},"loc":{"start":{"line":2,"column":71},"end":{"line":4,"column":1}},"line":2}},"branchMap":{"0":{"loc":{"start":{"line":2,"column":22},"end":{"line":4,"column":1}},"type":"binary-expr","locations":[{"start":{"line":2,"column":23},"end":{"line":2,"column":27}},{"start":{"line":2,"column":31},"end":{"line":2,"column":51}},{"start":{"line":2,"column":56},"end":{"line":4,"column":1}}],"line":2},"1":{"loc":{"start":{"line":3,"column":11},"end":{"line":3,"column":61}},"type":"cond-expr","locations":[{"start":{"line":3,"column":37},"end":{"line":3,"column":40}},{"start":{"line":3,"column":43},"end":{"line":3,"column":61}}],"line":3},"2":{"loc":{"start":{"line":3,"column":12},"end":{"line":3,"column":33}},"type":"binary-expr","locations":[{"start":{"line":3,"column":12},"end":{"line":3,"column":15}},{"start":{"line":3,"column":19},"end":{"line":3,"column":33}}],"line":3}},"s":{"0":2,"1":2,"2":2,"3":2,"4":26,"5":52,"6":27,"7":2},"f":{"0":2},"b":{"0":[2,2,2],"1":[0,2],"2":[2,2]},"_coverageSchema":"332fd63041d2c1bcb487cc26dd0d5f7d97098a6c","hash":"77949fd49ec6a2786abfd866e83e58cfd66d3fd3"}
,"/Users/edsonasaga/tax-calculation/dist/schemas/transactionUdts.js": {"path":"/Users/edsonasaga/tax-calculation/dist/schemas/transactionUdts.js","statementMap":{"0":{"start":{"line":2,"column":0},"end":{"line":2,"column":62}},"1":{"start":{"line":3,"column":0},"end":{"line":71,"column":2}}},"fnMap":{},"branchMap":{},"s":{"0":2,"1":2},"f":{},"b":{},"_coverageSchema":"332fd63041d2c1bcb487cc26dd0d5f7d97098a6c","hash":"86abda81e286a32f1c4715bb107b80d4bc6a8eec"}
,"/Users/edsonasaga/tax-calculation/dist/spec/FakeLogger.js": {"path":"/Users/edsonasaga/tax-calculation/dist/spec/FakeLogger.js","statementMap":{"0":{"start":{"line":2,"column":0},"end":{"line":2,"column":62}},"1":{"start":{"line":5,"column":8},"end":{"line":5,"column":31}},"2":{"start":{"line":8,"column":8},"end":{"line":8,"column":32}},"3":{"start":{"line":11,"column":8},"end":{"line":11,"column":36}},"4":{"start":{"line":14,"column":0},"end":{"line":14,"column":32}}},"fnMap":{"0":{"name":"(anonymous_0)","decl":{"start":{"line":4,"column":4},"end":{"line":4,"column":5}},"loc":{"start":{"line":4,"column":20},"end":{"line":6,"column":5}},"line":4},"1":{"name":"(anonymous_1)","decl":{"start":{"line":7,"column":4},"end":{"line":7,"column":5}},"loc":{"start":{"line":7,"column":17},"end":{"line":9,"column":5}},"line":7},"2":{"name":"(anonymous_2)","decl":{"start":{"line":10,"column":4},"end":{"line":10,"column":5}},"loc":{"start":{"line":10,"column":20},"end":{"line":12,"column":5}},"line":10}},"branchMap":{},"s":{"0":2,"1":2,"2":2,"3":2,"4":2},"f":{"0":2,"1":2,"2":2},"b":{},"_coverageSchema":"332fd63041d2c1bcb487cc26dd0d5f7d97098a6c","hash":"2b5579a2a17f307dcc6ae897c797057c21755d6d"}
,"/Users/edsonasaga/tax-calculation/dist/spec/testDB.js": {"path":"/Users/edsonasaga/tax-calculation/dist/spec/testDB.js","statementMap":{"0":{"start":{"line":2,"column":0},"end":{"line":2,"column":62}},"1":{"start":{"line":3,"column":0},"end":{"line":9,"column":2}},"2":{"start":{"line":10,"column":0},"end":{"line":53,"column":2}},"3":{"start":{"line":54,"column":0},"end":{"line":77,"column":2}},"4":{"start":{"line":78,"column":0},"end":{"line":714,"column":2}}},"fnMap":{},"branchMap":{},"s":{"0":2,"1":2,"2":2,"3":2,"4":2},"f":{},"b":{},"_coverageSchema":"332fd63041d2c1bcb487cc26dd0d5f7d97098a6c","hash":"3f2ccc47e838e066121515f07ca17797b7510c6b"}
,"/Users/edsonasaga/tax-calculation/dist/spec/routes/create.js": {"path":"/Users/edsonasaga/tax-calculation/dist/spec/routes/create.js","statementMap":{"0":{"start":{"line":2,"column":0},"end":{"line":2,"column":62}},"1":{"start":{"line":4,"column":4},"end":{"line":7,"column":5}},"2":{"start":{"line":5,"column":25},"end":{"line":5,"column":41}},"3":{"start":{"line":6,"column":8},"end":{"line":6,"column":35}},"4":{"start":{"line":9,"column":0},"end":{"line":9,"column":24}}},"fnMap":{"0":{"name":"create","decl":{"start":{"line":3,"column":15},"end":{"line":3,"column":21}},"loc":{"start":{"line":3,"column":37},"end":{"line":8,"column":1}},"line":3}},"branchMap":{},"s":{"0":2,"1":11,"2":28,"3":28,"4":2},"f":{"0":11},"b":{},"_coverageSchema":"332fd63041d2c1bcb487cc26dd0d5f7d97098a6c","hash":"f3a4dc0f9ed9d732d99b9f0780cc42ea98f5b3f6"}
}
