{"/Users/edsonasaga/tax-calculation/dist/calculateTax.js": {"path":"/Users/edsonasaga/tax-calculation/dist/calculateTax.js","statementMap":{"0":{"start":{"line":2,"column":0},"end":{"line":2,"column":62}},"1":{"start":{"line":3,"column":28},"end":{"line":3,"column":56}},"2":{"start":{"line":4,"column":21},"end":{"line":4,"column":42}},"3":{"start":{"line":5,"column":20},"end":{"line":5,"column":42}},"4":{"start":{"line":6,"column":21},"end":{"line":6,"column":44}},"5":{"start":{"line":7,"column":0},"end":{"line":7,"column":27}},"6":{"start":{"line":16,"column":15},"end":{"line":16,"column":45}},"7":{"start":{"line":17,"column":4},"end":{"line":17,"column":20}},"8":{"start":{"line":18,"column":4},"end":{"line":18,"column":17}},"9":{"start":{"line":19,"column":33},"end":{"line":19,"column":65}},"10":{"start":{"line":20,"column":4},"end":{"line":72,"column":5}},"11":{"start":{"line":21,"column":27},"end":{"line":52,"column":9}},"12":{"start":{"line":53,"column":30},"end":{"line":57,"column":9}},"13":{"start":{"line":58,"column":8},"end":{"line":58,"column":43}},"14":{"start":{"line":59,"column":30},"end":{"line":59,"column":53}},"15":{"start":{"line":60,"column":8},"end":{"line":61,"column":58}},"16":{"start":{"line":62,"column":8},"end":{"line":62,"column":47}},"17":{"start":{"line":63,"column":8},"end":{"line":63,"column":42}},"18":{"start":{"line":64,"column":8},"end":{"line":64,"column":48}},"19":{"start":{"line":65,"column":8},"end":{"line":65,"column":102}},"20":{"start":{"line":66,"column":8},"end":{"line":66,"column":23}},"21":{"start":{"line":67,"column":8},"end":{"line":67,"column":23}},"22":{"start":{"line":68,"column":8},"end":{"line":68,"column":23}},"23":{"start":{"line":69,"column":8},"end":{"line":69,"column":23}},"24":{"start":{"line":70,"column":8},"end":{"line":70,"column":102}},"25":{"start":{"line":71,"column":8},"end":{"line":71,"column":25}},"26":{"start":{"line":73,"column":4},"end":{"line":73,"column":112}},"27":{"start":{"line":74,"column":4},"end":{"line":74,"column":39}},"28":{"start":{"line":75,"column":15},"end":{"line":75,"column":45}},"29":{"start":{"line":76,"column":4},"end":{"line":76,"column":50}},"30":{"start":{"line":78,"column":0},"end":{"line":78,"column":36}},"31":{"start":{"line":80,"column":19},"end":{"line":80,"column":37}},"32":{"start":{"line":81,"column":4},"end":{"line":83,"column":41}},"33":{"start":{"line":84,"column":22},"end":{"line":107,"column":5}},"34":{"start":{"line":108,"column":33},"end":{"line":114,"column":5}},"35":{"start":{"line":115,"column":4},"end":{"line":115,"column":60}},"36":{"start":{"line":116,"column":27},"end":{"line":116,"column":73}},"37":{"start":{"line":117,"column":4},"end":{"line":117,"column":48}},"38":{"start":{"line":120,"column":26},"end":{"line":120,"column":44}},"39":{"start":{"line":121,"column":4},"end":{"line":146,"column":5}},"40":{"start":{"line":122,"column":8},"end":{"line":122,"column":20}},"41":{"start":{"line":125,"column":8},"end":{"line":145,"column":9}},"42":{"start":{"line":126,"column":12},"end":{"line":126,"column":37}},"43":{"start":{"line":128,"column":13},"end":{"line":145,"column":9}},"44":{"start":{"line":129,"column":12},"end":{"line":129,"column":37}},"45":{"start":{"line":131,"column":13},"end":{"line":145,"column":9}},"46":{"start":{"line":132,"column":12},"end":{"line":132,"column":37}},"47":{"start":{"line":135,"column":12},"end":{"line":144,"column":13}},"48":{"start":{"line":136,"column":16},"end":{"line":136,"column":28}},"49":{"start":{"line":138,"column":17},"end":{"line":144,"column":13}},"50":{"start":{"line":140,"column":16},"end":{"line":140,"column":41}},"51":{"start":{"line":143,"column":16},"end":{"line":143,"column":73}},"52":{"start":{"line":149,"column":26},"end":{"line":149,"column":44}},"53":{"start":{"line":150,"column":17},"end":{"line":150,"column":26}},"54":{"start":{"line":151,"column":4},"end":{"line":156,"column":5}},"55":{"start":{"line":152,"column":8},"end":{"line":152,"column":33}},"56":{"start":{"line":155,"column":8},"end":{"line":155,"column":33}},"57":{"start":{"line":159,"column":22},"end":{"line":159,"column":55}},"58":{"start":{"line":160,"column":23},"end":{"line":160,"column":69}},"59":{"start":{"line":161,"column":4},"end":{"line":161,"column":43}},"60":{"start":{"line":162,"column":4},"end":{"line":162,"column":42}},"61":{"start":{"line":163,"column":4},"end":{"line":163,"column":30}},"62":{"start":{"line":164,"column":16},"end":{"line":164,"column":38}},"63":{"start":{"line":165,"column":4},"end":{"line":190,"column":5}},"64":{"start":{"line":166,"column":8},"end":{"line":166,"column":37}},"65":{"start":{"line":169,"column":24},"end":{"line":169,"column":36}},"66":{"start":{"line":170,"column":21},"end":{"line":170,"column":30}},"67":{"start":{"line":171,"column":8},"end":{"line":189,"column":9}},"68":{"start":{"line":172,"column":12},"end":{"line":177,"column":13}},"69":{"start":{"line":173,"column":16},"end":{"line":173,"column":71}},"70":{"start":{"line":176,"column":16},"end":{"line":176,"column":35}},"71":{"start":{"line":179,"column":13},"end":{"line":189,"column":9}},"72":{"start":{"line":180,"column":12},"end":{"line":180,"column":31}},"73":{"start":{"line":183,"column":12},"end":{"line":188,"column":13}},"74":{"start":{"line":184,"column":16},"end":{"line":184,"column":71}},"75":{"start":{"line":187,"column":16},"end":{"line":187,"column":45}},"76":{"start":{"line":191,"column":4},"end":{"line":191,"column":45}},"77":{"start":{"line":194,"column":17},"end":{"line":194,"column":26}},"78":{"start":{"line":195,"column":4},"end":{"line":200,"column":5}},"79":{"start":{"line":196,"column":8},"end":{"line":196,"column":30}},"80":{"start":{"line":199,"column":8},"end":{"line":199,"column":87}},"81":{"start":{"line":203,"column":22},"end":{"line":203,"column":55}},"82":{"start":{"line":204,"column":4},"end":{"line":204,"column":45}},"83":{"start":{"line":205,"column":21},"end":{"line":205,"column":63}},"84":{"start":{"line":206,"column":17},"end":{"line":206,"column":142}},"85":{"start":{"line":207,"column":17},"end":{"line":207,"column":46}},"86":{"start":{"line":208,"column":4},"end":{"line":208,"column":34}},"87":{"start":{"line":209,"column":4},"end":{"line":209,"column":26}},"88":{"start":{"line":210,"column":4},"end":{"line":210,"column":26}},"89":{"start":{"line":211,"column":4},"end":{"line":211,"column":64}},"90":{"start":{"line":214,"column":22},"end":{"line":214,"column":55}},"91":{"start":{"line":215,"column":23},"end":{"line":215,"column":69}},"92":{"start":{"line":216,"column":4},"end":{"line":216,"column":41}},"93":{"start":{"line":217,"column":4},"end":{"line":217,"column":56}},"94":{"start":{"line":218,"column":4},"end":{"line":218,"column":30}},"95":{"start":{"line":219,"column":16},"end":{"line":219,"column":38}},"96":{"start":{"line":220,"column":4},"end":{"line":251,"column":5}},"97":{"start":{"line":221,"column":8},"end":{"line":221,"column":37}},"98":{"start":{"line":224,"column":21},"end":{"line":224,"column":30}},"99":{"start":{"line":225,"column":8},"end":{"line":250,"column":9}},"100":{"start":{"line":226,"column":12},"end":{"line":231,"column":13}},"101":{"start":{"line":227,"column":16},"end":{"line":227,"column":38}},"102":{"start":{"line":230,"column":16},"end":{"line":230,"column":39}},"103":{"start":{"line":233,"column":13},"end":{"line":250,"column":9}},"104":{"start":{"line":234,"column":12},"end":{"line":239,"column":13}},"105":{"start":{"line":235,"column":16},"end":{"line":235,"column":71}},"106":{"start":{"line":238,"column":16},"end":{"line":238,"column":38}},"107":{"start":{"line":242,"column":12},"end":{"line":249,"column":13}},"108":{"start":{"line":243,"column":16},"end":{"line":243,"column":71}},"109":{"start":{"line":246,"column":29},"end":{"line":246,"column":33}},"110":{"start":{"line":247,"column":29},"end":{"line":247,"column":33}},"111":{"start":{"line":248,"column":16},"end":{"line":248,"column":56}},"112":{"start":{"line":252,"column":4},"end":{"line":252,"column":45}},"113":{"start":{"line":255,"column":23},"end":{"line":255,"column":52}},"114":{"start":{"line":256,"column":22},"end":{"line":256,"column":36}},"115":{"start":{"line":257,"column":4},"end":{"line":257,"column":45}},"116":{"start":{"line":258,"column":21},"end":{"line":258,"column":83}},"117":{"start":{"line":259,"column":17},"end":{"line":259,"column":31}},"118":{"start":{"line":260,"column":17},"end":{"line":260,"column":46}},"119":{"start":{"line":261,"column":4},"end":{"line":261,"column":34}},"120":{"start":{"line":262,"column":4},"end":{"line":262,"column":26}},"121":{"start":{"line":263,"column":4},"end":{"line":263,"column":26}},"122":{"start":{"line":264,"column":4},"end":{"line":264,"column":64}},"123":{"start":{"line":267,"column":23},"end":{"line":267,"column":52}},"124":{"start":{"line":268,"column":22},"end":{"line":268,"column":36}},"125":{"start":{"line":269,"column":4},"end":{"line":269,"column":46}},"126":{"start":{"line":273,"column":18},"end":{"line":273,"column":110}},"127":{"start":{"line":274,"column":4},"end":{"line":284,"column":5}},"128":{"start":{"line":275,"column":8},"end":{"line":275,"column":70}},"129":{"start":{"line":276,"column":8},"end":{"line":276,"column":30}},"130":{"start":{"line":277,"column":8},"end":{"line":277,"column":19}},"131":{"start":{"line":280,"column":8},"end":{"line":280,"column":50}},"132":{"start":{"line":281,"column":24},"end":{"line":281,"column":48}},"133":{"start":{"line":282,"column":8},"end":{"line":282,"column":28}},"134":{"start":{"line":283,"column":8},"end":{"line":283,"column":28}},"135":{"start":{"line":285,"column":4},"end":{"line":285,"column":68}},"136":{"start":{"line":286,"column":4},"end":{"line":286,"column":34}},"137":{"start":{"line":287,"column":4},"end":{"line":287,"column":26}},"138":{"start":{"line":288,"column":4},"end":{"line":288,"column":26}},"139":{"start":{"line":289,"column":4},"end":{"line":289,"column":64}},"140":{"start":{"line":292,"column":24},"end":{"line":292,"column":67}},"141":{"start":{"line":293,"column":15},"end":{"line":293,"column":19}},"142":{"start":{"line":294,"column":4},"end":{"line":296,"column":5}},"143":{"start":{"line":295,"column":8},"end":{"line":295,"column":51}},"144":{"start":{"line":297,"column":4},"end":{"line":297,"column":16}},"145":{"start":{"line":300,"column":22},"end":{"line":300,"column":55}},"146":{"start":{"line":301,"column":23},"end":{"line":301,"column":69}},"147":{"start":{"line":302,"column":4},"end":{"line":302,"column":40}},"148":{"start":{"line":303,"column":4},"end":{"line":303,"column":58}},"149":{"start":{"line":304,"column":4},"end":{"line":304,"column":30}},"150":{"start":{"line":305,"column":16},"end":{"line":305,"column":38}},"151":{"start":{"line":306,"column":4},"end":{"line":321,"column":5}},"152":{"start":{"line":309,"column":8},"end":{"line":309,"column":37}},"153":{"start":{"line":312,"column":21},"end":{"line":312,"column":30}},"154":{"start":{"line":313,"column":8},"end":{"line":320,"column":9}},"155":{"start":{"line":314,"column":12},"end":{"line":314,"column":67}},"156":{"start":{"line":317,"column":25},"end":{"line":317,"column":29}},"157":{"start":{"line":318,"column":27},"end":{"line":318,"column":31}},"158":{"start":{"line":319,"column":12},"end":{"line":319,"column":54}},"159":{"start":{"line":322,"column":4},"end":{"line":322,"column":45}},"160":{"start":{"line":325,"column":4},"end":{"line":325,"column":46}},"161":{"start":{"line":326,"column":4},"end":{"line":326,"column":68}},"162":{"start":{"line":327,"column":4},"end":{"line":327,"column":23}},"163":{"start":{"line":328,"column":4},"end":{"line":328,"column":23}},"164":{"start":{"line":329,"column":4},"end":{"line":329,"column":22}},"165":{"start":{"line":332,"column":4},"end":{"line":332,"column":45}},"166":{"start":{"line":333,"column":4},"end":{"line":333,"column":57}},"167":{"start":{"line":334,"column":4},"end":{"line":334,"column":26}},"168":{"start":{"line":335,"column":4},"end":{"line":335,"column":26}},"169":{"start":{"line":336,"column":4},"end":{"line":336,"column":74}},"170":{"start":{"line":339,"column":4},"end":{"line":339,"column":46}},"171":{"start":{"line":340,"column":4},"end":{"line":340,"column":68}},"172":{"start":{"line":341,"column":4},"end":{"line":341,"column":26}},"173":{"start":{"line":342,"column":4},"end":{"line":342,"column":23}},"174":{"start":{"line":343,"column":4},"end":{"line":343,"column":61}},"175":{"start":{"line":346,"column":4},"end":{"line":346,"column":70}},"176":{"start":{"line":347,"column":4},"end":{"line":347,"column":54}},"177":{"start":{"line":348,"column":4},"end":{"line":348,"column":88}},"178":{"start":{"line":351,"column":4},"end":{"line":351,"column":37}},"179":{"start":{"line":354,"column":14},"end":{"line":354,"column":15}},"180":{"start":{"line":355,"column":4},"end":{"line":357,"column":5}},"181":{"start":{"line":356,"column":8},"end":{"line":356,"column":37}},"182":{"start":{"line":358,"column":4},"end":{"line":358,"column":21}}},"fnMap":{"0":{"name":"calculateTax","decl":{"start":{"line":15,"column":9},"end":{"line":15,"column":21}},"loc":{"start":{"line":15,"column":25},"end":{"line":77,"column":1}},"line":15},"1":{"name":"initialize","decl":{"start":{"line":79,"column":9},"end":{"line":79,"column":19}},"loc":{"start":{"line":79,"column":22},"end":{"line":118,"column":1}},"line":79},"2":{"name":"calculateCST","decl":{"start":{"line":119,"column":9},"end":{"line":119,"column":21}},"loc":{"start":{"line":119,"column":24},"end":{"line":147,"column":1}},"line":119},"3":{"name":"cst50or99","decl":{"start":{"line":148,"column":9},"end":{"line":148,"column":18}},"loc":{"start":{"line":148,"column":21},"end":{"line":157,"column":1}},"line":148},"4":{"name":"calculateIec","decl":{"start":{"line":158,"column":9},"end":{"line":158,"column":21}},"loc":{"start":{"line":158,"column":24},"end":{"line":192,"column":1}},"line":158},"5":{"name":"tableOrSimpleIec","decl":{"start":{"line":193,"column":9},"end":{"line":193,"column":25}},"loc":{"start":{"line":193,"column":28},"end":{"line":201,"column":1}},"line":193},"6":{"name":"calculationTableIec","decl":{"start":{"line":202,"column":9},"end":{"line":202,"column":28}},"loc":{"start":{"line":202,"column":31},"end":{"line":212,"column":1}},"line":202},"7":{"name":"calculateIst","decl":{"start":{"line":213,"column":9},"end":{"line":213,"column":21}},"loc":{"start":{"line":213,"column":24},"end":{"line":253,"column":1}},"line":213},"8":{"name":"calculationTableIst","decl":{"start":{"line":254,"column":9},"end":{"line":254,"column":28}},"loc":{"start":{"line":254,"column":31},"end":{"line":265,"column":1}},"line":254},"9":{"name":"calculationPeriodIst","decl":{"start":{"line":266,"column":9},"end":{"line":266,"column":29}},"loc":{"start":{"line":266,"column":32},"end":{"line":290,"column":1}},"line":266},"10":{"name":"rateTableIst","decl":{"start":{"line":291,"column":9},"end":{"line":291,"column":21}},"loc":{"start":{"line":291,"column":24},"end":{"line":298,"column":1}},"line":291},"11":{"name":"calculateIsc","decl":{"start":{"line":299,"column":9},"end":{"line":299,"column":21}},"loc":{"start":{"line":299,"column":24},"end":{"line":323,"column":1}},"line":299},"12":{"name":"calculationExempt","decl":{"start":{"line":324,"column":9},"end":{"line":324,"column":26}},"loc":{"start":{"line":324,"column":38},"end":{"line":330,"column":1}},"line":324},"13":{"name":"calculationFixed","decl":{"start":{"line":331,"column":9},"end":{"line":331,"column":25}},"loc":{"start":{"line":331,"column":49},"end":{"line":337,"column":1}},"line":331},"14":{"name":"calculationSimple","decl":{"start":{"line":338,"column":9},"end":{"line":338,"column":26}},"loc":{"start":{"line":338,"column":44},"end":{"line":344,"column":1}},"line":338},"15":{"name":"calculateSums","decl":{"start":{"line":345,"column":9},"end":{"line":345,"column":22}},"loc":{"start":{"line":345,"column":40},"end":{"line":349,"column":1}},"line":345},"16":{"name":"currencyRound","decl":{"start":{"line":350,"column":9},"end":{"line":350,"column":22}},"loc":{"start":{"line":350,"column":26},"end":{"line":352,"column":1}},"line":350},"17":{"name":"currencySum","decl":{"start":{"line":353,"column":9},"end":{"line":353,"column":20}},"loc":{"start":{"line":353,"column":30},"end":{"line":359,"column":1}},"line":353}},"branchMap":{"0":{"loc":{"start":{"line":59,"column":30},"end":{"line":59,"column":53}},"type":"binary-expr","locations":[{"start":{"line":59,"column":30},"end":{"line":59,"column":48}},{"start":{"line":59,"column":52},"end":{"line":59,"column":53}}],"line":59},"1":{"loc":{"start":{"line":60,"column":17},"end":{"line":61,"column":57}},"type":"binary-expr","locations":[{"start":{"line":60,"column":17},"end":{"line":60,"column":32}},{"start":{"line":61,"column":12},"end":{"line":61,"column":57}}],"line":60},"2":{"loc":{"start":{"line":62,"column":21},"end":{"line":62,"column":46}},"type":"binary-expr","locations":[{"start":{"line":62,"column":21},"end":{"line":62,"column":41}},{"start":{"line":62,"column":45},"end":{"line":62,"column":46}}],"line":62},"3":{"loc":{"start":{"line":63,"column":19},"end":{"line":63,"column":41}},"type":"binary-expr","locations":[{"start":{"line":63,"column":19},"end":{"line":63,"column":36}},{"start":{"line":63,"column":40},"end":{"line":63,"column":41}}],"line":63},"4":{"loc":{"start":{"line":81,"column":26},"end":{"line":83,"column":40}},"type":"cond-expr","locations":[{"start":{"line":82,"column":8},"end":{"line":82,"column":40}},{"start":{"line":83,"column":8},"end":{"line":83,"column":40}}],"line":81},"5":{"loc":{"start":{"line":121,"column":4},"end":{"line":146,"column":5}},"type":"if","locations":[{"start":{"line":121,"column":4},"end":{"line":146,"column":5}},{"start":{"line":121,"column":4},"end":{"line":146,"column":5}}],"line":121},"6":{"loc":{"start":{"line":125,"column":8},"end":{"line":145,"column":9}},"type":"if","locations":[{"start":{"line":125,"column":8},"end":{"line":145,"column":9}},{"start":{"line":125,"column":8},"end":{"line":145,"column":9}}],"line":125},"7":{"loc":{"start":{"line":128,"column":13},"end":{"line":145,"column":9}},"type":"if","locations":[{"start":{"line":128,"column":13},"end":{"line":145,"column":9}},{"start":{"line":128,"column":13},"end":{"line":145,"column":9}}],"line":128},"8":{"loc":{"start":{"line":131,"column":13},"end":{"line":145,"column":9}},"type":"if","locations":[{"start":{"line":131,"column":13},"end":{"line":145,"column":9}},{"start":{"line":131,"column":13},"end":{"line":145,"column":9}}],"line":131},"9":{"loc":{"start":{"line":135,"column":12},"end":{"line":144,"column":13}},"type":"if","locations":[{"start":{"line":135,"column":12},"end":{"line":144,"column":13}},{"start":{"line":135,"column":12},"end":{"line":144,"column":13}}],"line":135},"10":{"loc":{"start":{"line":138,"column":17},"end":{"line":144,"column":13}},"type":"if","locations":[{"start":{"line":138,"column":17},"end":{"line":144,"column":13}},{"start":{"line":138,"column":17},"end":{"line":144,"column":13}}],"line":138},"11":{"loc":{"start":{"line":138,"column":21},"end":{"line":139,"column":55}},"type":"binary-expr","locations":[{"start":{"line":138,"column":21},"end":{"line":138,"column":55}},{"start":{"line":139,"column":16},"end":{"line":139,"column":55}}],"line":138},"12":{"loc":{"start":{"line":151,"column":4},"end":{"line":156,"column":5}},"type":"if","locations":[{"start":{"line":151,"column":4},"end":{"line":156,"column":5}},{"start":{"line":151,"column":4},"end":{"line":156,"column":5}}],"line":151},"13":{"loc":{"start":{"line":165,"column":4},"end":{"line":190,"column":5}},"type":"if","locations":[{"start":{"line":165,"column":4},"end":{"line":190,"column":5}},{"start":{"line":165,"column":4},"end":{"line":190,"column":5}}],"line":165},"14":{"loc":{"start":{"line":165,"column":8},"end":{"line":165,"column":34}},"type":"binary-expr","locations":[{"start":{"line":165,"column":8},"end":{"line":165,"column":19}},{"start":{"line":165,"column":23},"end":{"line":165,"column":34}}],"line":165},"15":{"loc":{"start":{"line":171,"column":8},"end":{"line":189,"column":9}},"type":"if","locations":[{"start":{"line":171,"column":8},"end":{"line":189,"column":9}},{"start":{"line":171,"column":8},"end":{"line":189,"column":9}}],"line":171},"16":{"loc":{"start":{"line":171,"column":12},"end":{"line":171,"column":58}},"type":"binary-expr","locations":[{"start":{"line":171,"column":12},"end":{"line":171,"column":29}},{"start":{"line":171,"column":33},"end":{"line":171,"column":58}}],"line":171},"17":{"loc":{"start":{"line":172,"column":12},"end":{"line":177,"column":13}},"type":"if","locations":[{"start":{"line":172,"column":12},"end":{"line":177,"column":13}},{"start":{"line":172,"column":12},"end":{"line":177,"column":13}}],"line":172},"18":{"loc":{"start":{"line":179,"column":13},"end":{"line":189,"column":9}},"type":"if","locations":[{"start":{"line":179,"column":13},"end":{"line":189,"column":9}},{"start":{"line":179,"column":13},"end":{"line":189,"column":9}}],"line":179},"19":{"loc":{"start":{"line":179,"column":17},"end":{"line":179,"column":65}},"type":"binary-expr","locations":[{"start":{"line":179,"column":17},"end":{"line":179,"column":37}},{"start":{"line":179,"column":41},"end":{"line":179,"column":65}}],"line":179},"20":{"loc":{"start":{"line":183,"column":12},"end":{"line":188,"column":13}},"type":"if","locations":[{"start":{"line":183,"column":12},"end":{"line":188,"column":13}},{"start":{"line":183,"column":12},"end":{"line":188,"column":13}}],"line":183},"21":{"loc":{"start":{"line":195,"column":4},"end":{"line":200,"column":5}},"type":"if","locations":[{"start":{"line":195,"column":4},"end":{"line":200,"column":5}},{"start":{"line":195,"column":4},"end":{"line":200,"column":5}}],"line":195},"22":{"loc":{"start":{"line":206,"column":83},"end":{"line":206,"column":141}},"type":"cond-expr","locations":[{"start":{"line":206,"column":136},"end":{"line":206,"column":137}},{"start":{"line":206,"column":140},"end":{"line":206,"column":141}}],"line":206},"23":{"loc":{"start":{"line":220,"column":4},"end":{"line":251,"column":5}},"type":"if","locations":[{"start":{"line":220,"column":4},"end":{"line":251,"column":5}},{"start":{"line":220,"column":4},"end":{"line":251,"column":5}}],"line":220},"24":{"loc":{"start":{"line":220,"column":8},"end":{"line":220,"column":36}},"type":"binary-expr","locations":[{"start":{"line":220,"column":8},"end":{"line":220,"column":20}},{"start":{"line":220,"column":24},"end":{"line":220,"column":36}}],"line":220},"25":{"loc":{"start":{"line":225,"column":8},"end":{"line":250,"column":9}},"type":"if","locations":[{"start":{"line":225,"column":8},"end":{"line":250,"column":9}},{"start":{"line":225,"column":8},"end":{"line":250,"column":9}}],"line":225},"26":{"loc":{"start":{"line":226,"column":12},"end":{"line":231,"column":13}},"type":"if","locations":[{"start":{"line":226,"column":12},"end":{"line":231,"column":13}},{"start":{"line":226,"column":12},"end":{"line":231,"column":13}}],"line":226},"27":{"loc":{"start":{"line":233,"column":13},"end":{"line":250,"column":9}},"type":"if","locations":[{"start":{"line":233,"column":13},"end":{"line":250,"column":9}},{"start":{"line":233,"column":13},"end":{"line":250,"column":9}}],"line":233},"28":{"loc":{"start":{"line":234,"column":12},"end":{"line":239,"column":13}},"type":"if","locations":[{"start":{"line":234,"column":12},"end":{"line":239,"column":13}},{"start":{"line":234,"column":12},"end":{"line":239,"column":13}}],"line":234},"29":{"loc":{"start":{"line":242,"column":12},"end":{"line":249,"column":13}},"type":"if","locations":[{"start":{"line":242,"column":12},"end":{"line":249,"column":13}},{"start":{"line":242,"column":12},"end":{"line":249,"column":13}}],"line":242},"30":{"loc":{"start":{"line":274,"column":4},"end":{"line":284,"column":5}},"type":"if","locations":[{"start":{"line":274,"column":4},"end":{"line":284,"column":5}},{"start":{"line":274,"column":4},"end":{"line":284,"column":5}}],"line":274},"31":{"loc":{"start":{"line":274,"column":8},"end":{"line":274,"column":32}},"type":"binary-expr","locations":[{"start":{"line":274,"column":8},"end":{"line":274,"column":18}},{"start":{"line":274,"column":22},"end":{"line":274,"column":32}}],"line":274},"32":{"loc":{"start":{"line":285,"column":22},"end":{"line":285,"column":67}},"type":"cond-expr","locations":[{"start":{"line":285,"column":37},"end":{"line":285,"column":48}},{"start":{"line":285,"column":51},"end":{"line":285,"column":67}}],"line":285},"33":{"loc":{"start":{"line":294,"column":4},"end":{"line":296,"column":5}},"type":"if","locations":[{"start":{"line":294,"column":4},"end":{"line":296,"column":5}},{"start":{"line":294,"column":4},"end":{"line":296,"column":5}}],"line":294},"34":{"loc":{"start":{"line":306,"column":4},"end":{"line":321,"column":5}},"type":"if","locations":[{"start":{"line":306,"column":4},"end":{"line":321,"column":5}},{"start":{"line":306,"column":4},"end":{"line":321,"column":5}}],"line":306},"35":{"loc":{"start":{"line":306,"column":8},"end":{"line":308,"column":45}},"type":"binary-expr","locations":[{"start":{"line":306,"column":8},"end":{"line":306,"column":52}},{"start":{"line":307,"column":8},"end":{"line":307,"column":38}},{"start":{"line":308,"column":8},"end":{"line":308,"column":45}}],"line":306},"36":{"loc":{"start":{"line":313,"column":8},"end":{"line":320,"column":9}},"type":"if","locations":[{"start":{"line":313,"column":8},"end":{"line":320,"column":9}},{"start":{"line":313,"column":8},"end":{"line":320,"column":9}}],"line":313}},"s":{"0":2,"1":2,"2":2,"3":2,"4":2,"5":2,"6":11,"7":11,"8":11,"9":11,"10":11,"11":16,"12":16,"13":16,"14":16,"15":16,"16":16,"17":16,"18":16,"19":16,"20":16,"21":14,"22":14,"23":14,"24":14,"25":14,"26":9,"27":9,"28":9,"29":9,"30":2,"31":11,"32":11,"33":11,"34":11,"35":11,"36":11,"37":11,"38":16,"39":16,"40":2,"41":14,"42":2,"43":12,"44":1,"45":11,"46":1,"47":10,"48":2,"49":8,"50":6,"51":2,"52":4,"53":4,"54":4,"55":2,"56":2,"57":14,"58":14,"59":14,"60":14,"61":14,"62":14,"63":14,"64":4,"65":10,"66":10,"67":10,"68":2,"69":1,"70":1,"71":8,"72":6,"73":2,"74":1,"75":1,"76":14,"77":7,"78":7,"79":4,"80":3,"81":4,"82":4,"83":4,"84":4,"85":4,"86":4,"87":4,"88":4,"89":4,"90":14,"91":14,"92":14,"93":14,"94":14,"95":14,"96":14,"97":2,"98":12,"99":12,"100":4,"101":1,"102":3,"103":8,"104":2,"105":1,"106":1,"107":6,"108":2,"109":4,"110":4,"111":4,"112":14,"113":2,"114":2,"115":2,"116":2,"117":2,"118":2,"119":2,"120":2,"121":2,"122":2,"123":3,"124":3,"125":3,"126":3,"127":3,"128":1,"129":1,"130":1,"131":2,"132":2,"133":2,"134":2,"135":3,"136":3,"137":3,"138":3,"139":3,"140":3,"141":3,"142":3,"143":2,"144":3,"145":14,"146":14,"147":14,"148":14,"149":14,"150":14,"151":14,"152":8,"153":6,"154":6,"155":3,"156":3,"157":3,"158":3,"159":14,"160":15,"161":15,"162":15,"163":15,"164":15,"165":7,"166":7,"167":7,"168":7,"169":7,"170":11,"171":11,"172":11,"173":11,"174":11,"175":42,"176":42,"177":42,"178":42,"179":207,"180":207,"181":465,"182":207},"f":{"0":11,"1":11,"2":16,"3":4,"4":14,"5":7,"6":4,"7":14,"8":2,"9":3,"10":3,"11":14,"12":15,"13":7,"14":11,"15":42,"16":42,"17":207},"b":{"0":[16,0],"1":[16,15],"2":[16,1],"3":[16,1],"4":[9,2],"5":[2,14],"6":[2,12],"7":[1,11],"8":[1,10],"9":[2,8],"10":[6,2],"11":[8,5],"12":[2,2],"13":[4,10],"14":[14,14],"15":[2,8],"16":[10,9],"17":[1,1],"18":[6,2],"19":[8,4],"20":[1,1],"21":[4,3],"22":[2,2],"23":[2,12],"24":[14,13],"25":[4,8],"26":[1,3],"27":[2,6],"28":[1,1],"29":[2,4],"30":[1,2],"31":[3,2],"32":[2,1],"33":[2,1],"34":[8,6],"35":[14,8,7],"36":[3,3]},"_coverageSchema":"332fd63041d2c1bcb487cc26dd0d5f7d97098a6c","hash":"e2578c47f95a05697c2d818575d76fade33c9e96"}
,"/Users/edsonasaga/tax-calculation/dist/getModelInstances.js": {"path":"/Users/edsonasaga/tax-calculation/dist/getModelInstances.js","statementMap":{"0":{"start":{"line":2,"column":22},"end":{"line":4,"column":1}},"1":{"start":{"line":3,"column":4},"end":{"line":3,"column":62}},"2":{"start":{"line":5,"column":0},"end":{"line":5,"column":62}},"3":{"start":{"line":6,"column":28},"end":{"line":6,"column":73}},"4":{"start":{"line":7,"column":21},"end":{"line":7,"column":52}},"5":{"start":{"line":8,"column":26},"end":{"line":8,"column":62}},"6":{"start":{"line":9,"column":24},"end":{"line":9,"column":75}},"7":{"start":{"line":10,"column":25},"end":{"line":10,"column":77}},"8":{"start":{"line":11,"column":21},"end":{"line":11,"column":69}},"9":{"start":{"line":12,"column":28},"end":{"line":12,"column":83}},"10":{"start":{"line":14,"column":19},"end":{"line":29,"column":6}},"11":{"start":{"line":30,"column":25},"end":{"line":30,"column":97}},"12":{"start":{"line":31,"column":4},"end":{"line":31,"column":37}},"13":{"start":{"line":32,"column":26},"end":{"line":32,"column":100}},"14":{"start":{"line":33,"column":4},"end":{"line":33,"column":38}},"15":{"start":{"line":34,"column":22},"end":{"line":34,"column":88}},"16":{"start":{"line":35,"column":4},"end":{"line":35,"column":34}},"17":{"start":{"line":36,"column":29},"end":{"line":36,"column":109}},"18":{"start":{"line":37,"column":4},"end":{"line":37,"column":41}},"19":{"start":{"line":38,"column":4},"end":{"line":38,"column":27}},"20":{"start":{"line":40,"column":0},"end":{"line":40,"column":46}}},"fnMap":{"0":{"name":"(anonymous_0)","decl":{"start":{"line":2,"column":56},"end":{"line":2,"column":57}},"loc":{"start":{"line":2,"column":71},"end":{"line":4,"column":1}},"line":2},"1":{"name":"getModelInstances","decl":{"start":{"line":13,"column":15},"end":{"line":13,"column":32}},"loc":{"start":{"line":13,"column":35},"end":{"line":39,"column":1}},"line":13}},"branchMap":{"0":{"loc":{"start":{"line":2,"column":22},"end":{"line":4,"column":1}},"type":"binary-expr","locations":[{"start":{"line":2,"column":23},"end":{"line":2,"column":27}},{"start":{"line":2,"column":31},"end":{"line":2,"column":51}},{"start":{"line":2,"column":56},"end":{"line":4,"column":1}}],"line":2},"1":{"loc":{"start":{"line":3,"column":11},"end":{"line":3,"column":61}},"type":"cond-expr","locations":[{"start":{"line":3,"column":37},"end":{"line":3,"column":40}},{"start":{"line":3,"column":43},"end":{"line":3,"column":61}}],"line":3},"2":{"loc":{"start":{"line":3,"column":12},"end":{"line":3,"column":33}},"type":"binary-expr","locations":[{"start":{"line":3,"column":12},"end":{"line":3,"column":15}},{"start":{"line":3,"column":19},"end":{"line":3,"column":33}}],"line":3}},"s":{"0":2,"1":10,"2":2,"3":2,"4":2,"5":2,"6":2,"7":2,"8":2,"9":2,"10":2,"11":2,"12":2,"13":2,"14":2,"15":2,"16":2,"17":2,"18":2,"19":2,"20":2},"f":{"0":10,"1":2},"b":{"0":[2,2,2],"1":[0,10],"2":[10,10]},"_coverageSchema":"332fd63041d2c1bcb487cc26dd0d5f7d97098a6c","hash":"85d5bd7486dd11fd28e04f0bc2fd767911e00f9a"}
,"/Users/edsonasaga/tax-calculation/dist/httpErrors.js": {"path":"/Users/edsonasaga/tax-calculation/dist/httpErrors.js","statementMap":{"0":{"start":{"line":2,"column":22},"end":{"line":4,"column":1}},"1":{"start":{"line":3,"column":4},"end":{"line":3,"column":62}},"2":{"start":{"line":5,"column":0},"end":{"line":5,"column":62}},"3":{"start":{"line":6,"column":22},"end":{"line":6,"column":61}},"4":{"start":{"line":9,"column":8},"end":{"line":9,"column":31}},"5":{"start":{"line":10,"column":8},"end":{"line":10,"column":31}},"6":{"start":{"line":11,"column":8},"end":{"line":11,"column":58}},"7":{"start":{"line":14,"column":0},"end":{"line":14,"column":28}},"8":{"start":{"line":17,"column":8},"end":{"line":17,"column":31}},"9":{"start":{"line":18,"column":8},"end":{"line":18,"column":33}},"10":{"start":{"line":19,"column":8},"end":{"line":19,"column":60}},"11":{"start":{"line":22,"column":0},"end":{"line":22,"column":32}},"12":{"start":{"line":25,"column":8},"end":{"line":25,"column":31}},"13":{"start":{"line":26,"column":8},"end":{"line":26,"column":35}},"14":{"start":{"line":27,"column":8},"end":{"line":27,"column":61}},"15":{"start":{"line":30,"column":0},"end":{"line":30,"column":36}}},"fnMap":{"0":{"name":"(anonymous_0)","decl":{"start":{"line":2,"column":56},"end":{"line":2,"column":57}},"loc":{"start":{"line":2,"column":71},"end":{"line":4,"column":1}},"line":2},"1":{"name":"(anonymous_1)","decl":{"start":{"line":8,"column":4},"end":{"line":8,"column":5}},"loc":{"start":{"line":8,"column":69},"end":{"line":12,"column":5}},"line":8},"2":{"name":"(anonymous_2)","decl":{"start":{"line":16,"column":4},"end":{"line":16,"column":5}},"loc":{"start":{"line":16,"column":46},"end":{"line":20,"column":5}},"line":16},"3":{"name":"(anonymous_3)","decl":{"start":{"line":24,"column":4},"end":{"line":24,"column":5}},"loc":{"start":{"line":24,"column":45},"end":{"line":28,"column":5}},"line":24}},"branchMap":{"0":{"loc":{"start":{"line":2,"column":22},"end":{"line":4,"column":1}},"type":"binary-expr","locations":[{"start":{"line":2,"column":23},"end":{"line":2,"column":27}},{"start":{"line":2,"column":31},"end":{"line":2,"column":51}},{"start":{"line":2,"column":56},"end":{"line":4,"column":1}}],"line":2},"1":{"loc":{"start":{"line":3,"column":11},"end":{"line":3,"column":61}},"type":"cond-expr","locations":[{"start":{"line":3,"column":37},"end":{"line":3,"column":40}},{"start":{"line":3,"column":43},"end":{"line":3,"column":61}}],"line":3},"2":{"loc":{"start":{"line":3,"column":12},"end":{"line":3,"column":33}},"type":"binary-expr","locations":[{"start":{"line":3,"column":12},"end":{"line":3,"column":15}},{"start":{"line":3,"column":19},"end":{"line":3,"column":33}}],"line":3},"3":{"loc":{"start":{"line":8,"column":16},"end":{"line":8,"column":67}},"type":"default-arg","locations":[{"start":{"line":8,"column":26},"end":{"line":8,"column":67}}],"line":8},"4":{"loc":{"start":{"line":16,"column":16},"end":{"line":16,"column":44}},"type":"default-arg","locations":[{"start":{"line":16,"column":26},"end":{"line":16,"column":44}}],"line":16},"5":{"loc":{"start":{"line":24,"column":16},"end":{"line":24,"column":43}},"type":"default-arg","locations":[{"start":{"line":24,"column":26},"end":{"line":24,"column":43}}],"line":24}},"s":{"0":2,"1":2,"2":2,"3":2,"4":0,"5":0,"6":0,"7":2,"8":3,"9":3,"10":3,"11":2,"12":0,"13":0,"14":0,"15":2},"f":{"0":2,"1":0,"2":3,"3":0},"b":{"0":[2,2,2],"1":[0,2],"2":[2,2],"3":[0],"4":[0],"5":[0]},"_coverageSchema":"332fd63041d2c1bcb487cc26dd0d5f7d97098a6c","hash":"71c9a0d08ba0348c91783acd5c49965786ea35d1"}
,"/Users/edsonasaga/tax-calculation/dist/taxTables.js": {"path":"/Users/edsonasaga/tax-calculation/dist/taxTables.js","statementMap":{"0":{"start":{"line":2,"column":0},"end":{"line":2,"column":62}},"1":{"start":{"line":3,"column":0},"end":{"line":30,"column":2}},"2":{"start":{"line":31,"column":0},"end":{"line":37,"column":2}},"3":{"start":{"line":38,"column":0},"end":{"line":487,"column":2}}},"fnMap":{},"branchMap":{},"s":{"0":2,"1":2,"2":2,"3":2},"f":{},"b":{},"_coverageSchema":"332fd63041d2c1bcb487cc26dd0d5f7d97098a6c","hash":"0989760ece0c6284c797ed40748425e77255f561"}
,"/Users/edsonasaga/tax-calculation/dist/routes/getErrorHandler.js": {"path":"/Users/edsonasaga/tax-calculation/dist/routes/getErrorHandler.js","statementMap":{"0":{"start":{"line":2,"column":0},"end":{"line":2,"column":62}},"1":{"start":{"line":3,"column":22},"end":{"line":3,"column":44}},"2":{"start":{"line":5,"column":4},"end":{"line":14,"column":6}},"3":{"start":{"line":6,"column":8},"end":{"line":6,"column":26}},"4":{"start":{"line":7,"column":8},"end":{"line":7,"column":25}},"5":{"start":{"line":8,"column":25},"end":{"line":8,"column":39}},"6":{"start":{"line":9,"column":8},"end":{"line":11,"column":9}},"7":{"start":{"line":10,"column":12},"end":{"line":10,"column":61}},"8":{"start":{"line":12,"column":8},"end":{"line":13,"column":23}},"9":{"start":{"line":16,"column":0},"end":{"line":16,"column":42}}},"fnMap":{"0":{"name":"getErrorHandler","decl":{"start":{"line":4,"column":9},"end":{"line":4,"column":24}},"loc":{"start":{"line":4,"column":33},"end":{"line":15,"column":1}},"line":4},"1":{"name":"(anonymous_1)","decl":{"start":{"line":5,"column":11},"end":{"line":5,"column":12}},"loc":{"start":{"line":5,"column":36},"end":{"line":14,"column":5}},"line":5}},"branchMap":{"0":{"loc":{"start":{"line":9,"column":8},"end":{"line":11,"column":9}},"type":"if","locations":[{"start":{"line":9,"column":8},"end":{"line":11,"column":9}},{"start":{"line":9,"column":8},"end":{"line":11,"column":9}}],"line":9}},"s":{"0":2,"1":2,"2":2,"3":2,"4":2,"5":2,"6":2,"7":0,"8":2,"9":2},"f":{"0":2,"1":2},"b":{"0":[0,2]},"_coverageSchema":"332fd63041d2c1bcb487cc26dd0d5f7d97098a6c","hash":"68b99e07d83cef830ab2c046e7c7bc8635001987"}
,"/Users/edsonasaga/tax-calculation/dist/routes/getLocationsRouter.js": {"path":"/Users/edsonasaga/tax-calculation/dist/routes/getLocationsRouter.js","statementMap":{"0":{"start":{"line":2,"column":0},"end":{"line":2,"column":62}},"1":{"start":{"line":3,"column":18},"end":{"line":3,"column":36}},"2":{"start":{"line":5,"column":19},"end":{"line":5,"column":37}},"3":{"start":{"line":6,"column":4},"end":{"line":10,"column":7}},"4":{"start":{"line":7,"column":22},"end":{"line":7,"column":31}},"5":{"start":{"line":8,"column":26},"end":{"line":8,"column":100}},"6":{"start":{"line":9,"column":8},"end":{"line":9,"column":28}},"7":{"start":{"line":11,"column":4},"end":{"line":11,"column":18}},"8":{"start":{"line":13,"column":0},"end":{"line":13,"column":48}}},"fnMap":{"0":{"name":"getLocationsRouter","decl":{"start":{"line":4,"column":9},"end":{"line":4,"column":27}},"loc":{"start":{"line":4,"column":43},"end":{"line":12,"column":1}},"line":4},"1":{"name":"(anonymous_1)","decl":{"start":{"line":6,"column":20},"end":{"line":6,"column":21}},"loc":{"start":{"line":6,"column":40},"end":{"line":10,"column":5}},"line":6}},"branchMap":{},"s":{"0":1,"1":1,"2":1,"3":1,"4":1,"5":1,"6":1,"7":1,"8":1},"f":{"0":1,"1":1},"b":{},"_coverageSchema":"332fd63041d2c1bcb487cc26dd0d5f7d97098a6c","hash":"873052397ec44c3acbb8047dbb4991a7ebbba867"}
,"/Users/edsonasaga/tax-calculation/dist/routes/getTransactionsRouter.js": {"path":"/Users/edsonasaga/tax-calculation/dist/routes/getTransactionsRouter.js","statementMap":{"0":{"start":{"line":2,"column":0},"end":{"line":2,"column":62}},"1":{"start":{"line":3,"column":18},"end":{"line":3,"column":36}},"2":{"start":{"line":4,"column":21},"end":{"line":4,"column":45}},"3":{"start":{"line":5,"column":23},"end":{"line":5,"column":49}},"4":{"start":{"line":7,"column":19},"end":{"line":7,"column":37}},"5":{"start":{"line":9,"column":23},"end":{"line":9,"column":41}},"6":{"start":{"line":10,"column":8},"end":{"line":10,"column":108}},"7":{"start":{"line":11,"column":8},"end":{"line":13,"column":9}},"8":{"start":{"line":12,"column":12},"end":{"line":12,"column":93}},"9":{"start":{"line":15,"column":4},"end":{"line":32,"column":7}},"10":{"start":{"line":16,"column":28},"end":{"line":16,"column":36}},"11":{"start":{"line":17,"column":8},"end":{"line":31,"column":9}},"12":{"start":{"line":18,"column":12},"end":{"line":18,"column":75}},"13":{"start":{"line":21,"column":12},"end":{"line":30,"column":13}},"14":{"start":{"line":22,"column":16},"end":{"line":22,"column":55}},"15":{"start":{"line":23,"column":16},"end":{"line":23,"column":57}},"16":{"start":{"line":24,"column":39},"end":{"line":24,"column":111}},"17":{"start":{"line":25,"column":16},"end":{"line":25,"column":49}},"18":{"start":{"line":26,"column":16},"end":{"line":26,"column":38}},"19":{"start":{"line":29,"column":16},"end":{"line":29,"column":28}},"20":{"start":{"line":33,"column":4},"end":{"line":56,"column":7}},"21":{"start":{"line":34,"column":22},"end":{"line":34,"column":31}},"22":{"start":{"line":35,"column":8},"end":{"line":37,"column":9}},"23":{"start":{"line":36,"column":12},"end":{"line":36,"column":61}},"24":{"start":{"line":38,"column":32},"end":{"line":38,"column":109}},"25":{"start":{"line":39,"column":29},"end":{"line":39,"column":31}},"26":{"start":{"line":40,"column":8},"end":{"line":54,"column":9}},"27":{"start":{"line":41,"column":32},"end":{"line":51,"column":13}},"28":{"start":{"line":52,"column":12},"end":{"line":52,"column":51}},"29":{"start":{"line":53,"column":12},"end":{"line":53,"column":43}},"30":{"start":{"line":55,"column":8},"end":{"line":55,"column":31}},"31":{"start":{"line":57,"column":4},"end":{"line":57,"column":18}},"32":{"start":{"line":59,"column":0},"end":{"line":59,"column":54}}},"fnMap":{"0":{"name":"getTransactionsRouter","decl":{"start":{"line":6,"column":9},"end":{"line":6,"column":30}},"loc":{"start":{"line":6,"column":75},"end":{"line":58,"column":1}},"line":6},"1":{"name":"populateTransaction","decl":{"start":{"line":8,"column":19},"end":{"line":8,"column":38}},"loc":{"start":{"line":8,"column":52},"end":{"line":14,"column":5}},"line":8},"2":{"name":"(anonymous_2)","decl":{"start":{"line":15,"column":21},"end":{"line":15,"column":22}},"loc":{"start":{"line":15,"column":47},"end":{"line":32,"column":5}},"line":15},"3":{"name":"(anonymous_3)","decl":{"start":{"line":33,"column":20},"end":{"line":33,"column":21}},"loc":{"start":{"line":33,"column":40},"end":{"line":56,"column":5}},"line":33}},"branchMap":{"0":{"loc":{"start":{"line":17,"column":8},"end":{"line":31,"column":9}},"type":"if","locations":[{"start":{"line":17,"column":8},"end":{"line":31,"column":9}},{"start":{"line":17,"column":8},"end":{"line":31,"column":9}}],"line":17},"1":{"loc":{"start":{"line":35,"column":8},"end":{"line":37,"column":9}},"type":"if","locations":[{"start":{"line":35,"column":8},"end":{"line":37,"column":9}},{"start":{"line":35,"column":8},"end":{"line":37,"column":9}}],"line":35}},"s":{"0":1,"1":1,"2":1,"3":1,"4":1,"5":30,"6":30,"7":30,"8":34,"9":1,"10":3,"11":3,"12":1,"13":2,"14":2,"15":2,"16":1,"17":1,"18":1,"19":1,"20":1,"21":2,"22":2,"23":1,"24":2,"25":2,"26":2,"27":28,"28":28,"29":28,"30":2,"31":1,"32":1},"f":{"0":1,"1":30,"2":3,"3":2},"b":{"0":[1,2],"1":[1,1]},"_coverageSchema":"332fd63041d2c1bcb487cc26dd0d5f7d97098a6c","hash":"44852415f8b6fc1b0248be2dc468ff0c4f755553"}
,"/Users/edsonasaga/tax-calculation/dist/schemas/addressUdt.js": {"path":"/Users/edsonasaga/tax-calculation/dist/schemas/addressUdt.js","statementMap":{"0":{"start":{"line":2,"column":0},"end":{"line":2,"column":62}},"1":{"start":{"line":3,"column":0},"end":{"line":17,"column":2}}},"fnMap":{},"branchMap":{},"s":{"0":2,"1":2},"f":{},"b":{},"_coverageSchema":"332fd63041d2c1bcb487cc26dd0d5f7d97098a6c","hash":"f88827f432577f18291c0eb7505c566c7557e441"}
,"/Users/edsonasaga/tax-calculation/dist/schemas/companySchema.js": {"path":"/Users/edsonasaga/tax-calculation/dist/schemas/companySchema.js","statementMap":{"0":{"start":{"line":2,"column":19},"end":{"line":8,"column":1}},"1":{"start":{"line":3,"column":4},"end":{"line":3,"column":42}},"2":{"start":{"line":3,"column":31},"end":{"line":3,"column":42}},"3":{"start":{"line":4,"column":17},"end":{"line":4,"column":19}},"4":{"start":{"line":5,"column":4},"end":{"line":5,"column":99}},"5":{"start":{"line":5,"column":21},"end":{"line":5,"column":99}},"6":{"start":{"line":5,"column":40},"end":{"line":5,"column":99}},"7":{"start":{"line":5,"column":80},"end":{"line":5,"column":99}},"8":{"start":{"line":6,"column":4},"end":{"line":6,"column":28}},"9":{"start":{"line":7,"column":4},"end":{"line":7,"column":18}},"10":{"start":{"line":9,"column":22},"end":{"line":11,"column":1}},"11":{"start":{"line":10,"column":4},"end":{"line":10,"column":62}},"12":{"start":{"line":12,"column":15},"end":{"line":12,"column":57}},"13":{"start":{"line":13,"column":24},"end":{"line":13,"column":65}},"14":{"start":{"line":14,"column":16},"end":{"line":26,"column":1}},"15":{"start":{"line":18,"column":27},"end":{"line":19,"column":27}},"16":{"start":{"line":27,"column":0},"end":{"line":27,"column":25}}},"fnMap":{"0":{"name":"(anonymous_0)","decl":{"start":{"line":2,"column":50},"end":{"line":2,"column":51}},"loc":{"start":{"line":2,"column":65},"end":{"line":8,"column":1}},"line":2},"1":{"name":"(anonymous_1)","decl":{"start":{"line":9,"column":56},"end":{"line":9,"column":57}},"loc":{"start":{"line":9,"column":71},"end":{"line":11,"column":1}},"line":9},"2":{"name":"(anonymous_2)","decl":{"start":{"line":18,"column":21},"end":{"line":18,"column":22}},"loc":{"start":{"line":18,"column":27},"end":{"line":19,"column":27}},"line":18}},"branchMap":{"0":{"loc":{"start":{"line":2,"column":19},"end":{"line":8,"column":1}},"type":"binary-expr","locations":[{"start":{"line":2,"column":20},"end":{"line":2,"column":24}},{"start":{"line":2,"column":28},"end":{"line":2,"column":45}},{"start":{"line":2,"column":50},"end":{"line":8,"column":1}}],"line":2},"1":{"loc":{"start":{"line":3,"column":4},"end":{"line":3,"column":42}},"type":"if","locations":[{"start":{"line":3,"column":4},"end":{"line":3,"column":42}},{"start":{"line":3,"column":4},"end":{"line":3,"column":42}}],"line":3},"2":{"loc":{"start":{"line":3,"column":8},"end":{"line":3,"column":29}},"type":"binary-expr","locations":[{"start":{"line":3,"column":8},"end":{"line":3,"column":11}},{"start":{"line":3,"column":15},"end":{"line":3,"column":29}}],"line":3},"3":{"loc":{"start":{"line":5,"column":4},"end":{"line":5,"column":99}},"type":"if","locations":[{"start":{"line":5,"column":4},"end":{"line":5,"column":99}},{"start":{"line":5,"column":4},"end":{"line":5,"column":99}}],"line":5},"4":{"loc":{"start":{"line":5,"column":40},"end":{"line":5,"column":99}},"type":"if","locations":[{"start":{"line":5,"column":40},"end":{"line":5,"column":99}},{"start":{"line":5,"column":40},"end":{"line":5,"column":99}}],"line":5},"5":{"loc":{"start":{"line":9,"column":22},"end":{"line":11,"column":1}},"type":"binary-expr","locations":[{"start":{"line":9,"column":23},"end":{"line":9,"column":27}},{"start":{"line":9,"column":31},"end":{"line":9,"column":51}},{"start":{"line":9,"column":56},"end":{"line":11,"column":1}}],"line":9},"6":{"loc":{"start":{"line":10,"column":11},"end":{"line":10,"column":61}},"type":"cond-expr","locations":[{"start":{"line":10,"column":37},"end":{"line":10,"column":40}},{"start":{"line":10,"column":43},"end":{"line":10,"column":61}}],"line":10},"7":{"loc":{"start":{"line":10,"column":12},"end":{"line":10,"column":33}},"type":"binary-expr","locations":[{"start":{"line":10,"column":12},"end":{"line":10,"column":15}},{"start":{"line":10,"column":19},"end":{"line":10,"column":33}}],"line":10}},"s":{"0":2,"1":2,"2":0,"3":2,"4":2,"5":2,"6":46,"7":46,"8":2,"9":2,"10":2,"11":2,"12":2,"13":2,"14":2,"15":0,"16":2},"f":{"0":2,"1":2,"2":0},"b":{"0":[2,2,2],"1":[0,2],"2":[2,2],"3":[2,0],"4":[46,0],"5":[2,2,2],"6":[0,2],"7":[2,2]},"_coverageSchema":"332fd63041d2c1bcb487cc26dd0d5f7d97098a6c","hash":"cc43ad76c09e894a970278366462fc6c4a0796c5"}
,"/Users/edsonasaga/tax-calculation/dist/schemas/itemSchema.js": {"path":"/Users/edsonasaga/tax-calculation/dist/schemas/itemSchema.js","statementMap":{"0":{"start":{"line":2,"column":22},"end":{"line":4,"column":1}},"1":{"start":{"line":3,"column":4},"end":{"line":3,"column":62}},"2":{"start":{"line":5,"column":24},"end":{"line":5,"column":65}},"3":{"start":{"line":6,"column":13},"end":{"line":24,"column":1}},"4":{"start":{"line":17,"column":38},"end":{"line":17,"column":86}},"5":{"start":{"line":25,"column":0},"end":{"line":25,"column":22}}},"fnMap":{"0":{"name":"(anonymous_0)","decl":{"start":{"line":2,"column":56},"end":{"line":2,"column":57}},"loc":{"start":{"line":2,"column":71},"end":{"line":4,"column":1}},"line":2},"1":{"name":"(anonymous_1)","decl":{"start":{"line":17,"column":27},"end":{"line":17,"column":28}},"loc":{"start":{"line":17,"column":38},"end":{"line":17,"column":86}},"line":17}},"branchMap":{"0":{"loc":{"start":{"line":2,"column":22},"end":{"line":4,"column":1}},"type":"binary-expr","locations":[{"start":{"line":2,"column":23},"end":{"line":2,"column":27}},{"start":{"line":2,"column":31},"end":{"line":2,"column":51}},{"start":{"line":2,"column":56},"end":{"line":4,"column":1}}],"line":2},"1":{"loc":{"start":{"line":3,"column":11},"end":{"line":3,"column":61}},"type":"cond-expr","locations":[{"start":{"line":3,"column":37},"end":{"line":3,"column":40}},{"start":{"line":3,"column":43},"end":{"line":3,"column":61}}],"line":3},"2":{"loc":{"start":{"line":3,"column":12},"end":{"line":3,"column":33}},"type":"binary-expr","locations":[{"start":{"line":3,"column":12},"end":{"line":3,"column":15}},{"start":{"line":3,"column":19},"end":{"line":3,"column":33}}],"line":3}},"s":{"0":2,"1":2,"2":2,"3":2,"4":10,"5":2},"f":{"0":2,"1":10},"b":{"0":[2,2,2],"1":[0,2],"2":[2,2]},"_coverageSchema":"332fd63041d2c1bcb487cc26dd0d5f7d97098a6c","hash":"3958c9ef4c28395940fff408171cd22e308abf39"}
,"/Users/edsonasaga/tax-calculation/dist/schemas/locationSchema.js": {"path":"/Users/edsonasaga/tax-calculation/dist/schemas/locationSchema.js","statementMap":{"0":{"start":{"line":2,"column":22},"end":{"line":4,"column":1}},"1":{"start":{"line":3,"column":4},"end":{"line":3,"column":62}},"2":{"start":{"line":5,"column":24},"end":{"line":5,"column":65}},"3":{"start":{"line":6,"column":17},"end":{"line":52,"column":1}},"4":{"start":{"line":19,"column":42},"end":{"line":19,"column":66}},"5":{"start":{"line":24,"column":38},"end":{"line":29,"column":30}},"6":{"start":{"line":36,"column":38},"end":{"line":40,"column":30}},"7":{"start":{"line":46,"column":38},"end":{"line":46,"column":95}},"8":{"start":{"line":53,"column":0},"end":{"line":53,"column":26}}},"fnMap":{"0":{"name":"(anonymous_0)","decl":{"start":{"line":2,"column":56},"end":{"line":2,"column":57}},"loc":{"start":{"line":2,"column":71},"end":{"line":4,"column":1}},"line":2},"1":{"name":"(anonymous_1)","decl":{"start":{"line":19,"column":31},"end":{"line":19,"column":32}},"loc":{"start":{"line":19,"column":42},"end":{"line":19,"column":66}},"line":19},"2":{"name":"(anonymous_2)","decl":{"start":{"line":24,"column":27},"end":{"line":24,"column":28}},"loc":{"start":{"line":24,"column":38},"end":{"line":29,"column":30}},"line":24},"3":{"name":"(anonymous_3)","decl":{"start":{"line":36,"column":27},"end":{"line":36,"column":28}},"loc":{"start":{"line":36,"column":38},"end":{"line":40,"column":30}},"line":36},"4":{"name":"(anonymous_4)","decl":{"start":{"line":46,"column":27},"end":{"line":46,"column":28}},"loc":{"start":{"line":46,"column":38},"end":{"line":46,"column":95}},"line":46}},"branchMap":{"0":{"loc":{"start":{"line":2,"column":22},"end":{"line":4,"column":1}},"type":"binary-expr","locations":[{"start":{"line":2,"column":23},"end":{"line":2,"column":27}},{"start":{"line":2,"column":31},"end":{"line":2,"column":51}},{"start":{"line":2,"column":56},"end":{"line":4,"column":1}}],"line":2},"1":{"loc":{"start":{"line":3,"column":11},"end":{"line":3,"column":61}},"type":"cond-expr","locations":[{"start":{"line":3,"column":37},"end":{"line":3,"column":40}},{"start":{"line":3,"column":43},"end":{"line":3,"column":61}}],"line":3},"2":{"loc":{"start":{"line":3,"column":12},"end":{"line":3,"column":33}},"type":"binary-expr","locations":[{"start":{"line":3,"column":12},"end":{"line":3,"column":15}},{"start":{"line":3,"column":19},"end":{"line":3,"column":33}}],"line":3}},"s":{"0":2,"1":2,"2":2,"3":2,"4":0,"5":18,"6":0,"7":6,"8":2},"f":{"0":2,"1":0,"2":18,"3":0,"4":6},"b":{"0":[2,2,2],"1":[0,2],"2":[2,2]},"_coverageSchema":"332fd63041d2c1bcb487cc26dd0d5f7d97098a6c","hash":"8e655a3108e3d2ab59849cb05279f16bd84aa4cf"}
,"/Users/edsonasaga/tax-calculation/dist/schemas/transactionSchema.js": {"path":"/Users/edsonasaga/tax-calculation/dist/schemas/transactionSchema.js","statementMap":{"0":{"start":{"line":2,"column":22},"end":{"line":4,"column":1}},"1":{"start":{"line":3,"column":4},"end":{"line":3,"column":62}},"2":{"start":{"line":5,"column":17},"end":{"line":5,"column":51}},"3":{"start":{"line":6,"column":20},"end":{"line":44,"column":1}},"4":{"start":{"line":12,"column":20},"end":{"line":12,"column":70}},"5":{"start":{"line":21,"column":39},"end":{"line":21,"column":62}},"6":{"start":{"line":27,"column":20},"end":{"line":28,"column":35}},"7":{"start":{"line":45,"column":0},"end":{"line":45,"column":29}}},"fnMap":{"0":{"name":"(anonymous_0)","decl":{"start":{"line":2,"column":56},"end":{"line":2,"column":57}},"loc":{"start":{"line":2,"column":71},"end":{"line":4,"column":1}},"line":2}},"branchMap":{"0":{"loc":{"start":{"line":2,"column":22},"end":{"line":4,"column":1}},"type":"binary-expr","locations":[{"start":{"line":2,"column":23},"end":{"line":2,"column":27}},{"start":{"line":2,"column":31},"end":{"line":2,"column":51}},{"start":{"line":2,"column":56},"end":{"line":4,"column":1}}],"line":2},"1":{"loc":{"start":{"line":3,"column":11},"end":{"line":3,"column":61}},"type":"cond-expr","locations":[{"start":{"line":3,"column":37},"end":{"line":3,"column":40}},{"start":{"line":3,"column":43},"end":{"line":3,"column":61}}],"line":3},"2":{"loc":{"start":{"line":3,"column":12},"end":{"line":3,"column":33}},"type":"binary-expr","locations":[{"start":{"line":3,"column":12},"end":{"line":3,"column":15}},{"start":{"line":3,"column":19},"end":{"line":3,"column":33}}],"line":3}},"s":{"0":2,"1":2,"2":2,"3":2,"4":76,"5":77,"6":77,"7":2},"f":{"0":2},"b":{"0":[2,2,2],"1":[0,2],"2":[2,2]},"_coverageSchema":"332fd63041d2c1bcb487cc26dd0d5f7d97098a6c","hash":"77949fd49ec6a2786abfd866e83e58cfd66d3fd3"}
,"/Users/edsonasaga/tax-calculation/dist/schemas/transactionUdts.js": {"path":"/Users/edsonasaga/tax-calculation/dist/schemas/transactionUdts.js","statementMap":{"0":{"start":{"line":2,"column":0},"end":{"line":2,"column":62}},"1":{"start":{"line":3,"column":0},"end":{"line":72,"column":2}}},"fnMap":{},"branchMap":{},"s":{"0":2,"1":2},"f":{},"b":{},"_coverageSchema":"332fd63041d2c1bcb487cc26dd0d5f7d97098a6c","hash":"50de6f3a09e62c229f836bb9a3b031a27289d95d"}
,"/Users/edsonasaga/tax-calculation/dist/spec/FakeLogger.js": {"path":"/Users/edsonasaga/tax-calculation/dist/spec/FakeLogger.js","statementMap":{"0":{"start":{"line":2,"column":0},"end":{"line":2,"column":62}},"1":{"start":{"line":5,"column":8},"end":{"line":5,"column":31}},"2":{"start":{"line":8,"column":8},"end":{"line":8,"column":32}},"3":{"start":{"line":11,"column":8},"end":{"line":11,"column":36}},"4":{"start":{"line":14,"column":0},"end":{"line":14,"column":32}}},"fnMap":{"0":{"name":"(anonymous_0)","decl":{"start":{"line":4,"column":4},"end":{"line":4,"column":5}},"loc":{"start":{"line":4,"column":20},"end":{"line":6,"column":5}},"line":4},"1":{"name":"(anonymous_1)","decl":{"start":{"line":7,"column":4},"end":{"line":7,"column":5}},"loc":{"start":{"line":7,"column":17},"end":{"line":9,"column":5}},"line":7},"2":{"name":"(anonymous_2)","decl":{"start":{"line":10,"column":4},"end":{"line":10,"column":5}},"loc":{"start":{"line":10,"column":20},"end":{"line":12,"column":5}},"line":10}},"branchMap":{},"s":{"0":2,"1":2,"2":2,"3":2,"4":2},"f":{"0":2,"1":2,"2":2},"b":{},"_coverageSchema":"332fd63041d2c1bcb487cc26dd0d5f7d97098a6c","hash":"2b5579a2a17f307dcc6ae897c797057c21755d6d"}
,"/Users/edsonasaga/tax-calculation/dist/spec/testDB.js": {"path":"/Users/edsonasaga/tax-calculation/dist/spec/testDB.js","statementMap":{"0":{"start":{"line":2,"column":0},"end":{"line":2,"column":62}},"1":{"start":{"line":3,"column":0},"end":{"line":9,"column":2}},"2":{"start":{"line":10,"column":0},"end":{"line":53,"column":2}},"3":{"start":{"line":54,"column":0},"end":{"line":77,"column":2}},"4":{"start":{"line":78,"column":0},"end":{"line":1663,"column":2}}},"fnMap":{},"branchMap":{},"s":{"0":2,"1":2,"2":2,"3":2,"4":2},"f":{},"b":{},"_coverageSchema":"332fd63041d2c1bcb487cc26dd0d5f7d97098a6c","hash":"14f96e3c0105a922ab9f2c1c8edad5da65210521"}
,"/Users/edsonasaga/tax-calculation/dist/spec/routes/create.js": {"path":"/Users/edsonasaga/tax-calculation/dist/spec/routes/create.js","statementMap":{"0":{"start":{"line":2,"column":0},"end":{"line":2,"column":62}},"1":{"start":{"line":4,"column":4},"end":{"line":7,"column":5}},"2":{"start":{"line":5,"column":25},"end":{"line":5,"column":41}},"3":{"start":{"line":6,"column":8},"end":{"line":6,"column":35}},"4":{"start":{"line":9,"column":0},"end":{"line":9,"column":24}}},"fnMap":{"0":{"name":"create","decl":{"start":{"line":3,"column":15},"end":{"line":3,"column":21}},"loc":{"start":{"line":3,"column":37},"end":{"line":8,"column":1}},"line":3}},"branchMap":{},"s":{"0":2,"1":11,"2":28,"3":28,"4":2},"f":{"0":11},"b":{},"_coverageSchema":"332fd63041d2c1bcb487cc26dd0d5f7d97098a6c","hash":"f3a4dc0f9ed9d732d99b9f0780cc42ea98f5b3f6"}
}
