TN:
SF:/Users/edsonasaga/tax-calculation/dist/calculateTax.js
FN:15,calculateTax
FN:83,initialize
FN:123,calculateCST
FN:152,cst50or99
FN:162,calculateIec
FN:197,tableOrSimpleIec
FN:206,calculationTableIec
FN:217,calculateIst
FN:258,calculationTableIst
FN:270,calculationPeriodIst
FN:295,rateTableIst
FN:303,calculateIsc
FN:328,calculationExempt
FN:335,calculationFixed
FN:342,calculationSimple
FN:349,calculateSums
FN:354,currencyRound
FN:357,currencySum
FNF:18
FNH:18
FNDA:9,calculateTax
FNDA:9,initialize
FNDA:14,calculateCST
FNDA:4,cst50or99
FNDA:13,calculateIec
FNDA:7,tableOrSimpleIec
FNDA:4,calculationTableIec
FNDA:13,calculateIst
FNDA:2,calculationTableIst
FNDA:3,calculationPeriodIst
FNDA:3,rateTableIst
FNDA:13,calculateIsc
FNDA:13,calculationExempt
FNDA:6,calculationFixed
FNDA:11,calculationSimple
FNDA:39,calculateSums
FNDA:39,currencyRound
FNDA:191,currencySum
DA:2,1
DA:3,1
DA:4,1
DA:5,1
DA:6,1
DA:7,1
DA:16,9
DA:17,9
DA:18,9
DA:19,9
DA:20,9
DA:21,14
DA:53,14
DA:58,14
DA:59,14
DA:62,14
DA:65,14
DA:68,14
DA:69,14
DA:70,14
DA:71,13
DA:72,13
DA:73,13
DA:74,13
DA:75,13
DA:77,8
DA:78,8
DA:79,8
DA:80,8
DA:82,1
DA:84,9
DA:85,9
DA:88,9
DA:112,9
DA:119,9
DA:120,9
DA:121,9
DA:124,14
DA:125,14
DA:126,2
DA:129,12
DA:130,1
DA:132,11
DA:133,1
DA:135,10
DA:136,1
DA:139,9
DA:140,2
DA:142,7
DA:144,6
DA:147,1
DA:153,4
DA:154,4
DA:155,4
DA:156,2
DA:159,2
DA:163,13
DA:164,13
DA:165,13
DA:166,13
DA:167,13
DA:168,13
DA:169,13
DA:170,3
DA:173,10
DA:174,10
DA:175,10
DA:176,2
DA:177,1
DA:180,1
DA:183,8
DA:184,6
DA:187,2
DA:188,1
DA:191,1
DA:195,13
DA:198,7
DA:199,7
DA:200,4
DA:203,3
DA:207,4
DA:208,4
DA:209,4
DA:210,4
DA:211,4
DA:212,4
DA:213,4
DA:214,4
DA:215,4
DA:218,13
DA:219,13
DA:220,13
DA:221,13
DA:222,13
DA:223,13
DA:224,13
DA:225,2
DA:228,11
DA:229,11
DA:230,4
DA:231,1
DA:234,3
DA:237,7
DA:238,2
DA:239,1
DA:242,1
DA:246,5
DA:247,2
DA:250,3
DA:251,3
DA:252,3
DA:256,13
DA:259,2
DA:260,2
DA:261,2
DA:262,2
DA:263,2
DA:264,2
DA:265,2
DA:266,2
DA:267,2
DA:268,2
DA:271,3
DA:272,3
DA:273,3
DA:277,3
DA:278,3
DA:279,1
DA:280,1
DA:281,1
DA:284,2
DA:285,2
DA:286,2
DA:287,2
DA:289,3
DA:290,3
DA:291,3
DA:292,3
DA:293,3
DA:296,3
DA:297,3
DA:298,3
DA:299,2
DA:301,3
DA:304,13
DA:305,13
DA:306,13
DA:307,13
DA:308,13
DA:309,13
DA:310,13
DA:313,7
DA:316,6
DA:317,6
DA:318,3
DA:321,3
DA:322,3
DA:323,3
DA:326,13
DA:329,13
DA:330,13
DA:331,13
DA:332,13
DA:333,13
DA:336,6
DA:337,6
DA:338,6
DA:339,6
DA:340,6
DA:343,11
DA:344,11
DA:345,11
DA:346,11
DA:347,11
DA:350,39
DA:351,39
DA:352,39
DA:355,39
DA:358,191
DA:359,191
DA:360,429
DA:362,191
LF:182
LH:182
BRDA:59,0,0,1
BRDA:59,0,1,13
BRDA:62,1,0,13
BRDA:62,1,1,1
BRDA:65,2,0,13
BRDA:65,2,1,1
BRDA:85,3,0,8
BRDA:85,3,1,1
BRDA:125,4,0,2
BRDA:125,4,1,12
BRDA:129,5,0,1
BRDA:129,5,1,11
BRDA:132,6,0,1
BRDA:132,6,1,10
BRDA:135,7,0,1
BRDA:135,7,1,9
BRDA:139,8,0,2
BRDA:139,8,1,7
BRDA:142,9,0,6
BRDA:142,9,1,1
BRDA:142,10,0,7
BRDA:142,10,1,4
BRDA:155,11,0,2
BRDA:155,11,1,2
BRDA:169,12,0,3
BRDA:169,12,1,10
BRDA:169,13,0,13
BRDA:169,13,1,13
BRDA:175,14,0,2
BRDA:175,14,1,8
BRDA:175,15,0,10
BRDA:175,15,1,9
BRDA:176,16,0,1
BRDA:176,16,1,1
BRDA:183,17,0,6
BRDA:183,17,1,2
BRDA:183,18,0,8
BRDA:183,18,1,4
BRDA:187,19,0,1
BRDA:187,19,1,1
BRDA:199,20,0,4
BRDA:199,20,1,3
BRDA:210,21,0,2
BRDA:210,21,1,2
BRDA:224,22,0,2
BRDA:224,22,1,11
BRDA:224,23,0,13
BRDA:224,23,1,12
BRDA:229,24,0,4
BRDA:229,24,1,7
BRDA:230,25,0,1
BRDA:230,25,1,3
BRDA:237,26,0,2
BRDA:237,26,1,5
BRDA:238,27,0,1
BRDA:238,27,1,1
BRDA:246,28,0,2
BRDA:246,28,1,3
BRDA:278,29,0,1
BRDA:278,29,1,2
BRDA:278,30,0,3
BRDA:278,30,1,2
BRDA:289,31,0,2
BRDA:289,31,1,1
BRDA:298,32,0,2
BRDA:298,32,1,1
BRDA:310,33,0,7
BRDA:310,33,1,6
BRDA:310,34,0,13
BRDA:310,34,1,8
BRDA:310,34,2,7
BRDA:317,35,0,3
BRDA:317,35,1,3
BRF:73
BRH:73
end_of_record
