TN:
SF:/Users/edsonasaga/tax-calculation/dist/calculateTax.js
FN:15,calculateTax
FN:83,initialize
FN:123,calculateCST
FN:152,cst50or99
FN:162,calculateIec
FN:197,tableOrSimpleIec
FN:206,calculationTableIec
FN:217,calculateIst
FN:258,calculationTableIst
FN:270,calculationPeriodIst
FN:295,rateTableIst
FN:303,calculateIsc
FN:328,calculationExempt
FN:335,calculationFixed
FN:342,calculationSimple
FN:349,calculateSums
FN:354,currencyRound
FN:357,currencySum
FNF:18
FNH:18
FNDA:11,calculateTax
FNDA:11,initialize
FNDA:16,calculateCST
FNDA:4,cst50or99
FNDA:14,calculateIec
FNDA:7,tableOrSimpleIec
FNDA:4,calculationTableIec
FNDA:14,calculateIst
FNDA:2,calculationTableIst
FNDA:3,calculationPeriodIst
FNDA:3,rateTableIst
FNDA:14,calculateIsc
FNDA:15,calculationExempt
FNDA:7,calculationFixed
FNDA:11,calculationSimple
FNDA:42,calculateSums
FNDA:42,currencyRound
FNDA:207,currencySum
DA:2,2
DA:3,2
DA:4,2
DA:5,2
DA:6,2
DA:7,2
DA:16,11
DA:17,11
DA:18,11
DA:19,11
DA:20,11
DA:21,16
DA:53,16
DA:58,16
DA:59,16
DA:62,16
DA:65,16
DA:68,16
DA:69,16
DA:70,16
DA:71,14
DA:72,14
DA:73,14
DA:74,14
DA:75,14
DA:77,9
DA:78,9
DA:79,9
DA:80,9
DA:82,2
DA:84,11
DA:85,11
DA:88,11
DA:112,11
DA:119,11
DA:120,11
DA:121,11
DA:124,16
DA:125,16
DA:126,2
DA:129,14
DA:130,2
DA:132,12
DA:133,1
DA:135,11
DA:136,1
DA:139,10
DA:140,2
DA:142,8
DA:144,6
DA:147,2
DA:153,4
DA:154,4
DA:155,4
DA:156,2
DA:159,2
DA:163,14
DA:164,14
DA:165,14
DA:166,14
DA:167,14
DA:168,14
DA:169,14
DA:170,4
DA:173,10
DA:174,10
DA:175,10
DA:176,2
DA:177,1
DA:180,1
DA:183,8
DA:184,6
DA:187,2
DA:188,1
DA:191,1
DA:195,14
DA:198,7
DA:199,7
DA:200,4
DA:203,3
DA:207,4
DA:208,4
DA:209,4
DA:210,4
DA:211,4
DA:212,4
DA:213,4
DA:214,4
DA:215,4
DA:218,14
DA:219,14
DA:220,14
DA:221,14
DA:222,14
DA:223,14
DA:224,14
DA:225,2
DA:228,12
DA:229,12
DA:230,4
DA:231,1
DA:234,3
DA:237,8
DA:238,2
DA:239,1
DA:242,1
DA:246,6
DA:247,2
DA:250,4
DA:251,4
DA:252,4
DA:256,14
DA:259,2
DA:260,2
DA:261,2
DA:262,2
DA:263,2
DA:264,2
DA:265,2
DA:266,2
DA:267,2
DA:268,2
DA:271,3
DA:272,3
DA:273,3
DA:277,3
DA:278,3
DA:279,1
DA:280,1
DA:281,1
DA:284,2
DA:285,2
DA:286,2
DA:287,2
DA:289,3
DA:290,3
DA:291,3
DA:292,3
DA:293,3
DA:296,3
DA:297,3
DA:298,3
DA:299,2
DA:301,3
DA:304,14
DA:305,14
DA:306,14
DA:307,14
DA:308,14
DA:309,14
DA:310,14
DA:313,8
DA:316,6
DA:317,6
DA:318,3
DA:321,3
DA:322,3
DA:323,3
DA:326,14
DA:329,15
DA:330,15
DA:331,15
DA:332,15
DA:333,15
DA:336,7
DA:337,7
DA:338,7
DA:339,7
DA:340,7
DA:343,11
DA:344,11
DA:345,11
DA:346,11
DA:347,11
DA:350,42
DA:351,42
DA:352,42
DA:355,42
DA:358,207
DA:359,207
DA:360,465
DA:362,207
LF:182
LH:182
BRDA:59,0,0,1
BRDA:59,0,1,15
BRDA:62,1,0,15
BRDA:62,1,1,1
BRDA:65,2,0,15
BRDA:65,2,1,1
BRDA:85,3,0,9
BRDA:85,3,1,2
BRDA:125,4,0,2
BRDA:125,4,1,14
BRDA:129,5,0,2
BRDA:129,5,1,12
BRDA:132,6,0,1
BRDA:132,6,1,11
BRDA:135,7,0,1
BRDA:135,7,1,10
BRDA:139,8,0,2
BRDA:139,8,1,8
BRDA:142,9,0,6
BRDA:142,9,1,2
BRDA:142,10,0,8
BRDA:142,10,1,5
BRDA:155,11,0,2
BRDA:155,11,1,2
BRDA:169,12,0,4
BRDA:169,12,1,10
BRDA:169,13,0,14
BRDA:169,13,1,14
BRDA:175,14,0,2
BRDA:175,14,1,8
BRDA:175,15,0,10
BRDA:175,15,1,9
BRDA:176,16,0,1
BRDA:176,16,1,1
BRDA:183,17,0,6
BRDA:183,17,1,2
BRDA:183,18,0,8
BRDA:183,18,1,4
BRDA:187,19,0,1
BRDA:187,19,1,1
BRDA:199,20,0,4
BRDA:199,20,1,3
BRDA:210,21,0,2
BRDA:210,21,1,2
BRDA:224,22,0,2
BRDA:224,22,1,12
BRDA:224,23,0,14
BRDA:224,23,1,13
BRDA:229,24,0,4
BRDA:229,24,1,8
BRDA:230,25,0,1
BRDA:230,25,1,3
BRDA:237,26,0,2
BRDA:237,26,1,6
BRDA:238,27,0,1
BRDA:238,27,1,1
BRDA:246,28,0,2
BRDA:246,28,1,4
BRDA:278,29,0,1
BRDA:278,29,1,2
BRDA:278,30,0,3
BRDA:278,30,1,2
BRDA:289,31,0,2
BRDA:289,31,1,1
BRDA:298,32,0,2
BRDA:298,32,1,1
BRDA:310,33,0,8
BRDA:310,33,1,6
BRDA:310,34,0,14
BRDA:310,34,1,8
BRDA:310,34,2,7
BRDA:317,35,0,3
BRDA:317,35,1,3
BRF:73
BRH:73
end_of_record
TN:
SF:/Users/edsonasaga/tax-calculation/dist/getModelInstances.js
FN:2,(anonymous_0)
FN:13,getModelInstances
FNF:2
FNH:2
FNDA:10,(anonymous_0)
FNDA:2,getModelInstances
DA:2,2
DA:3,10
DA:5,2
DA:6,2
DA:7,2
DA:8,2
DA:9,2
DA:10,2
DA:11,2
DA:12,2
DA:14,2
DA:30,2
DA:31,2
DA:32,2
DA:33,2
DA:34,2
DA:35,2
DA:36,2
DA:37,2
DA:38,2
DA:40,2
LF:21
LH:21
BRDA:2,0,0,2
BRDA:2,0,1,2
BRDA:2,0,2,2
BRDA:3,1,0,0
BRDA:3,1,1,10
BRDA:3,2,0,10
BRDA:3,2,1,10
BRF:7
BRH:6
end_of_record
TN:
SF:/Users/edsonasaga/tax-calculation/dist/httpErrors.js
FN:2,(anonymous_0)
FN:8,(anonymous_1)
FN:16,(anonymous_2)
FN:24,(anonymous_3)
FNF:4
FNH:2
FNDA:2,(anonymous_0)
FNDA:0,(anonymous_1)
FNDA:3,(anonymous_2)
FNDA:0,(anonymous_3)
DA:2,2
DA:3,2
DA:5,2
DA:6,2
DA:9,0
DA:10,0
DA:11,0
DA:14,2
DA:17,3
DA:18,3
DA:19,3
DA:22,2
DA:25,0
DA:26,0
DA:27,0
DA:30,2
LF:16
LH:10
BRDA:2,0,0,2
BRDA:2,0,1,2
BRDA:2,0,2,2
BRDA:3,1,0,0
BRDA:3,1,1,2
BRDA:3,2,0,2
BRDA:3,2,1,2
BRDA:8,3,0,0
BRDA:16,4,0,0
BRDA:24,5,0,0
BRF:10
BRH:6
end_of_record
TN:
SF:/Users/edsonasaga/tax-calculation/dist/taxTables.js
FNF:0
FNH:0
DA:2,2
DA:3,2
DA:31,2
DA:38,2
LF:4
LH:4
BRF:0
BRH:0
end_of_record
TN:
SF:/Users/edsonasaga/tax-calculation/dist/routes/getErrorHandler.js
FN:4,getErrorHandler
FN:5,(anonymous_1)
FNF:2
FNH:2
FNDA:2,getErrorHandler
FNDA:2,(anonymous_1)
DA:2,2
DA:3,2
DA:5,2
DA:6,2
DA:7,2
DA:8,2
DA:9,2
DA:10,0
DA:12,2
DA:16,2
LF:10
LH:9
BRDA:9,0,0,0
BRDA:9,0,1,2
BRF:2
BRH:1
end_of_record
TN:
SF:/Users/edsonasaga/tax-calculation/dist/routes/getLocationsRouter.js
FN:4,getLocationsRouter
FN:6,(anonymous_1)
FNF:2
FNH:2
FNDA:1,getLocationsRouter
FNDA:1,(anonymous_1)
DA:2,1
DA:3,1
DA:5,1
DA:6,1
DA:7,1
DA:8,1
DA:9,1
DA:11,1
DA:13,1
LF:9
LH:9
BRF:0
BRH:0
end_of_record
TN:
SF:/Users/edsonasaga/tax-calculation/dist/routes/getTransactionsRouter.js
FN:6,getTransactionsRouter
FN:8,populateTransaction
FN:15,(anonymous_2)
FN:33,(anonymous_3)
FNF:4
FNH:4
FNDA:1,getTransactionsRouter
FNDA:10,populateTransaction
FNDA:3,(anonymous_2)
FNDA:2,(anonymous_3)
DA:2,1
DA:3,1
DA:4,1
DA:5,1
DA:7,1
DA:9,10
DA:10,10
DA:11,10
DA:12,14
DA:15,1
DA:16,3
DA:17,3
DA:18,1
DA:21,2
DA:22,2
DA:23,2
DA:24,1
DA:25,1
DA:26,1
DA:29,1
DA:33,1
DA:34,2
DA:35,2
DA:36,1
DA:38,2
DA:39,2
DA:40,2
DA:41,8
DA:52,8
DA:53,8
DA:55,2
DA:57,1
DA:59,1
LF:33
LH:33
BRDA:17,0,0,1
BRDA:17,0,1,2
BRDA:35,1,0,1
BRDA:35,1,1,1
BRF:4
BRH:4
end_of_record
TN:
SF:/Users/edsonasaga/tax-calculation/dist/schemas/addressUdt.js
FNF:0
FNH:0
DA:2,2
DA:3,2
LF:2
LH:2
BRF:0
BRH:0
end_of_record
TN:
SF:/Users/edsonasaga/tax-calculation/dist/schemas/companySchema.js
FN:2,(anonymous_0)
FN:9,(anonymous_1)
FN:18,(anonymous_2)
FNF:3
FNH:2
FNDA:2,(anonymous_0)
FNDA:2,(anonymous_1)
FNDA:0,(anonymous_2)
DA:2,2
DA:3,2
DA:4,2
DA:5,46
DA:6,2
DA:7,2
DA:9,2
DA:10,2
DA:12,2
DA:13,2
DA:14,2
DA:18,0
DA:27,2
LF:13
LH:12
BRDA:2,0,0,2
BRDA:2,0,1,2
BRDA:2,0,2,2
BRDA:3,1,0,0
BRDA:3,1,1,2
BRDA:3,2,0,2
BRDA:3,2,1,2
BRDA:5,3,0,2
BRDA:5,3,1,0
BRDA:5,4,0,46
BRDA:5,4,1,0
BRDA:9,5,0,2
BRDA:9,5,1,2
BRDA:9,5,2,2
BRDA:10,6,0,0
BRDA:10,6,1,2
BRDA:10,7,0,2
BRDA:10,7,1,2
BRF:18
BRH:14
end_of_record
TN:
SF:/Users/edsonasaga/tax-calculation/dist/schemas/itemSchema.js
FN:2,(anonymous_0)
FN:17,(anonymous_1)
FNF:2
FNH:2
FNDA:2,(anonymous_0)
FNDA:10,(anonymous_1)
DA:2,2
DA:3,2
DA:5,2
DA:6,2
DA:17,10
DA:25,2
LF:6
LH:6
BRDA:2,0,0,2
BRDA:2,0,1,2
BRDA:2,0,2,2
BRDA:3,1,0,0
BRDA:3,1,1,2
BRDA:3,2,0,2
BRDA:3,2,1,2
BRF:7
BRH:6
end_of_record
TN:
SF:/Users/edsonasaga/tax-calculation/dist/schemas/locationSchema.js
FN:2,(anonymous_0)
FN:19,(anonymous_1)
FN:24,(anonymous_2)
FN:36,(anonymous_3)
FN:46,(anonymous_4)
FNF:5
FNH:3
FNDA:2,(anonymous_0)
FNDA:0,(anonymous_1)
FNDA:18,(anonymous_2)
FNDA:0,(anonymous_3)
FNDA:6,(anonymous_4)
DA:2,2
DA:3,2
DA:5,2
DA:6,2
DA:19,0
DA:24,18
DA:36,0
DA:46,6
DA:53,2
LF:9
LH:7
BRDA:2,0,0,2
BRDA:2,0,1,2
BRDA:2,0,2,2
BRDA:3,1,0,0
BRDA:3,1,1,2
BRDA:3,2,0,2
BRDA:3,2,1,2
BRF:7
BRH:6
end_of_record
TN:
SF:/Users/edsonasaga/tax-calculation/dist/schemas/transactionSchema.js
FN:2,(anonymous_0)
FNF:1
FNH:1
FNDA:2,(anonymous_0)
DA:2,2
DA:3,2
DA:5,2
DA:6,2
DA:12,26
DA:21,52
DA:27,27
DA:45,2
LF:8
LH:8
BRDA:2,0,0,2
BRDA:2,0,1,2
BRDA:2,0,2,2
BRDA:3,1,0,0
BRDA:3,1,1,2
BRDA:3,2,0,2
BRDA:3,2,1,2
BRF:7
BRH:6
end_of_record
TN:
SF:/Users/edsonasaga/tax-calculation/dist/schemas/transactionUdts.js
FNF:0
FNH:0
DA:2,2
DA:3,2
LF:2
LH:2
BRF:0
BRH:0
end_of_record
TN:
SF:/Users/edsonasaga/tax-calculation/dist/spec/FakeLogger.js
FN:4,(anonymous_0)
FN:7,(anonymous_1)
FN:10,(anonymous_2)
FNF:3
FNH:3
FNDA:2,(anonymous_0)
FNDA:2,(anonymous_1)
FNDA:2,(anonymous_2)
DA:2,2
DA:5,2
DA:8,2
DA:11,2
DA:14,2
LF:5
LH:5
BRF:0
BRH:0
end_of_record
TN:
SF:/Users/edsonasaga/tax-calculation/dist/spec/testDB.js
FNF:0
FNH:0
DA:2,2
DA:3,2
DA:10,2
DA:54,2
DA:78,2
LF:5
LH:5
BRF:0
BRH:0
end_of_record
TN:
SF:/Users/edsonasaga/tax-calculation/dist/spec/routes/create.js
FN:3,create
FNF:1
FNH:1
FNDA:11,create
DA:2,2
DA:4,11
DA:5,28
DA:6,28
DA:9,2
LF:5
LH:5
BRF:0
BRH:0
end_of_record
